<?xml version="1.0" encoding="utf-8"?><testsuites name="pytest tests"><testsuite name="pytest" errors="1" failures="1" skipped="0" tests="36" time="1.785" timestamp="2026-05-19T12:24:07.684409+02:00" hostname="TheSilent"><testcase classname="TestScripts.test_imu_widget.TestCritState" name="test_UT_ALERT_003_after_expiry_safe_band_is_safe" file="TestScripts\test_imu_widget.py" line="212" time="0.105"><system-out>--------------------------------- Captured Log ---------------------------------

--------------------------------- Captured Out ---------------------------------

</system-out><system-err>--------------------------------- Captured Err ---------------------------------

</system-err></testcase><testcase classname="TestScripts.test_imu_widget.TestCritState" name="test_UT_ALERT_003_after_expiry_warn_band_is_warn" file="TestScripts\test_imu_widget.py" line="205" time="0.001"><failure message="AssertionError: Expected 'warn' after CRIT expiry, got 'crit'&#10;assert 'crit' == 'warn'&#10;  &#10;  - warn&#10;  + crit">self = &lt;test_imu_widget.TestCritState object at 0x000002B58015BF00&gt;
widget = &lt;IMUWidget.IMUWidget object .!imuwidget2&gt;

    def test_UT_ALERT_003_after_expiry_warn_band_is_warn(self, widget):
        """After CRIT hold expires, 50 °/s (in WARN band) → 'warn'."""
        t0 = time.monotonic()
        widget._gyro_state_label("roll", 100.0, t0)
        result = widget._gyro_state_label("roll", 50.0, t0 + 4.1)
&gt;       assert result == "warn", f"Expected 'warn' after CRIT expiry, got '{result}'"
E       AssertionError: Expected 'warn' after CRIT expiry, got 'crit'
E       assert 'crit' == 'warn'
E         
E         - warn
E         + crit

TestScripts\test_imu_widget.py:211: AssertionError</failure><system-out>--------------------------------- Captured Log ---------------------------------

--------------------------------- Captured Out ---------------------------------

</system-out><system-err>--------------------------------- Captured Err ---------------------------------

</system-err></testcase><testcase classname="TestScripts.test_imu_widget.TestCritState" name="test_UT_ALERT_003_crit_overrides_warn" file="TestScripts\test_imu_widget.py" line="188" time="0.001"><system-out>--------------------------------- Captured Log ---------------------------------

--------------------------------- Captured Out ---------------------------------

</system-out><system-err>--------------------------------- Captured Err ---------------------------------

</system-err></testcase><testcase classname="TestScripts.test_imu_widget.TestCritState" name="test_UT_ALERT_003_entry_above_100dps" file="TestScripts\test_imu_widget.py" line="165" time="0.000"><system-out>--------------------------------- Captured Log ---------------------------------

--------------------------------- Captured Out ---------------------------------

</system-out><system-err>--------------------------------- Captured Err ---------------------------------

</system-err></testcase><testcase classname="TestScripts.test_imu_widget.TestCritState" name="test_UT_ALERT_003_entry_at_100dps" file="TestScripts\test_imu_widget.py" line="161" time="0.000"><system-out>--------------------------------- Captured Log ---------------------------------

--------------------------------- Captured Out ---------------------------------

</system-out><system-err>--------------------------------- Captured Err ---------------------------------

</system-err></testcase><testcase classname="TestScripts.test_imu_widget.TestCritState" name="test_UT_ALERT_003_four_sample_sequence" file="TestScripts\test_imu_widget.py" line="169" time="0.000"><system-out>--------------------------------- Captured Log ---------------------------------

--------------------------------- Captured Out ---------------------------------

</system-out><system-err>--------------------------------- Captured Err ---------------------------------

</system-err></testcase><testcase classname="TestScripts.test_imu_widget.TestCritState" name="test_UT_ALERT_003_hold_refreshed_during_crit" file="TestScripts\test_imu_widget.py" line="196" time="0.000"><system-out>--------------------------------- Captured Log ---------------------------------

--------------------------------- Captured Out ---------------------------------

</system-out><system-err>--------------------------------- Captured Err ---------------------------------

</system-err></testcase><testcase classname="TestScripts.test_imu_widget.TestCritState" name="test_UT_ALERT_003_hold_timer_set_to_4s" file="TestScripts\test_imu_widget.py" line="181" time="0.000"><system-out>--------------------------------- Captured Log ---------------------------------

--------------------------------- Captured Out ---------------------------------

</system-out><system-err>--------------------------------- Captured Err ---------------------------------

</system-err></testcase><testcase classname="TestScripts.test_imu_widget.TestFlashTicker" name="test_UT_ALERT_004_flash_ms_constant" file="TestScripts\test_imu_widget.py" line="228" time="0.000"><system-out>--------------------------------- Captured Log ---------------------------------

--------------------------------- Captured Out ---------------------------------

</system-out><system-err>--------------------------------- Captured Err ---------------------------------

</system-err></testcase><testcase classname="TestScripts.test_imu_widget.TestFlashTicker" name="test_UT_ALERT_004_partial_unregister_keeps_ticker" file="TestScripts\test_imu_widget.py" line="279" time="0.709"><system-out>--------------------------------- Captured Log ---------------------------------

--------------------------------- Captured Out ---------------------------------

</system-out><system-err>--------------------------------- Captured Err ---------------------------------

</system-err></testcase><testcase classname="TestScripts.test_imu_widget.TestFlashTicker" name="test_UT_ALERT_004_registry_tracks_labels" file="TestScripts\test_imu_widget.py" line="252" time="0.002"><system-out>--------------------------------- Captured Log ---------------------------------

--------------------------------- Captured Out ---------------------------------

</system-out><system-err>--------------------------------- Captured Err ---------------------------------

</system-err></testcase><testcase classname="TestScripts.test_imu_widget.TestFlashTicker" name="test_UT_ALERT_004_ticker_not_duplicated" file="TestScripts\test_imu_widget.py" line="240" time="0.001"><system-out>--------------------------------- Captured Log ---------------------------------

--------------------------------- Captured Out ---------------------------------

</system-out><system-err>--------------------------------- Captured Err ---------------------------------

</system-err></testcase><testcase classname="TestScripts.test_imu_widget.TestFlashTicker" name="test_UT_ALERT_004_ticker_starts_on_register" file="TestScripts\test_imu_widget.py" line="232" time="0.001"><system-out>--------------------------------- Captured Log ---------------------------------

--------------------------------- Captured Out ---------------------------------

</system-out><system-err>--------------------------------- Captured Err ---------------------------------

</system-err></testcase><testcase classname="TestScripts.test_imu_widget.TestFlashTicker" name="test_UT_ALERT_004_ticker_stops_after_last_unregister" file="TestScripts\test_imu_widget.py" line="260" time="0.705"><system-out>--------------------------------- Captured Log ---------------------------------

--------------------------------- Captured Out ---------------------------------

</system-out><system-err>--------------------------------- Captured Err ---------------------------------

</system-err></testcase><testcase classname="TestScripts.test_imu_widget.TestSafeState" name="test_UT_ALERT_001_all_axes_independent" file="TestScripts\test_imu_widget.py" line="92" time="0.001"><system-out>--------------------------------- Captured Log ---------------------------------

--------------------------------- Captured Out ---------------------------------

</system-out><system-err>--------------------------------- Captured Err ---------------------------------

</system-err></testcase><testcase classname="TestScripts.test_imu_widget.TestSafeState" name="test_UT_ALERT_001_below_warn_threshold" file="TestScripts\test_imu_widget.py" line="69" time="0.001"><system-out>--------------------------------- Captured Log ---------------------------------

--------------------------------- Captured Out ---------------------------------

</system-out><system-err>--------------------------------- Captured Err ---------------------------------

</system-err></testcase><testcase classname="TestScripts.test_imu_widget.TestSafeState" name="test_UT_ALERT_001_boundary_just_below" file="TestScripts\test_imu_widget.py" line="82" time="0.001"><system-out>--------------------------------- Captured Log ---------------------------------

--------------------------------- Captured Out ---------------------------------

</system-out><system-err>--------------------------------- Captured Err ---------------------------------

</system-err></testcase><testcase classname="TestScripts.test_imu_widget.TestSafeState" name="test_UT_ALERT_001_hold_until_zero_after_safe" file="TestScripts\test_imu_widget.py" line="86" time="0.001"><system-out>--------------------------------- Captured Log ---------------------------------

--------------------------------- Captured Out ---------------------------------

</system-out><system-err>--------------------------------- Captured Err ---------------------------------

</system-err></testcase><testcase classname="TestScripts.test_imu_widget.TestSafeState" name="test_UT_ALERT_001_small_positive_rate" file="TestScripts\test_imu_widget.py" line="78" time="0.000"><system-out>--------------------------------- Captured Log ---------------------------------

--------------------------------- Captured Out ---------------------------------

</system-out><system-err>--------------------------------- Captured Err ---------------------------------

</system-err></testcase><testcase classname="TestScripts.test_imu_widget.TestSafeState" name="test_UT_ALERT_001_zero_rate_is_safe" file="TestScripts\test_imu_widget.py" line="74" time="0.000"><system-out>--------------------------------- Captured Log ---------------------------------

--------------------------------- Captured Out ---------------------------------

</system-out><system-err>--------------------------------- Captured Err ---------------------------------

</system-err></testcase><testcase classname="TestScripts.test_imu_widget.TestWarnState" name="test_UT_ALERT_002_axes_independent" file="TestScripts\test_imu_widget.py" line="147" time="0.000"><system-out>--------------------------------- Captured Log ---------------------------------

--------------------------------- Captured Out ---------------------------------

</system-out><system-err>--------------------------------- Captured Err ---------------------------------

</system-err></testcase><testcase classname="TestScripts.test_imu_widget.TestWarnState" name="test_UT_ALERT_002_entry_at_30dps" file="TestScripts\test_imu_widget.py" line="107" time="0.000"><system-out>--------------------------------- Captured Log ---------------------------------

--------------------------------- Captured Out ---------------------------------

</system-out><system-err>--------------------------------- Captured Err ---------------------------------

</system-err></testcase><testcase classname="TestScripts.test_imu_widget.TestWarnState" name="test_UT_ALERT_002_entry_at_50dps" file="TestScripts\test_imu_widget.py" line="112" time="0.000"><system-out>--------------------------------- Captured Log ---------------------------------

--------------------------------- Captured Out ---------------------------------

</system-out><system-err>--------------------------------- Captured Err ---------------------------------

</system-err></testcase><testcase classname="TestScripts.test_imu_widget.TestWarnState" name="test_UT_ALERT_002_entry_at_99p9dps" file="TestScripts\test_imu_widget.py" line="116" time="0.001"><system-out>--------------------------------- Captured Log ---------------------------------

--------------------------------- Captured Out ---------------------------------

</system-out><system-err>--------------------------------- Captured Err ---------------------------------

</system-err></testcase><testcase classname="TestScripts.test_imu_widget.TestWarnState" name="test_UT_ALERT_002_hold_active_at_0p5s" file="TestScripts\test_imu_widget.py" line="120" time="0.000"><system-out>--------------------------------- Captured Log ---------------------------------

--------------------------------- Captured Out ---------------------------------

</system-out><system-err>--------------------------------- Captured Err ---------------------------------

</system-err></testcase><testcase classname="TestScripts.test_imu_widget.TestWarnState" name="test_UT_ALERT_002_hold_active_at_1p9s" file="TestScripts\test_imu_widget.py" line="126" time="0.001"><system-out>--------------------------------- Captured Log ---------------------------------

--------------------------------- Captured Out ---------------------------------

</system-out><system-err>--------------------------------- Captured Err ---------------------------------

</system-err></testcase><testcase classname="TestScripts.test_imu_widget.TestWarnState" name="test_UT_ALERT_002_hold_expires_at_2p1s" file="TestScripts\test_imu_widget.py" line="132" time="0.000"><system-out>--------------------------------- Captured Log ---------------------------------

--------------------------------- Captured Out ---------------------------------

</system-out><system-err>--------------------------------- Captured Err ---------------------------------

</system-err></testcase><testcase classname="TestScripts.test_imu_widget.TestWarnState" name="test_UT_ALERT_002_hold_timer_value" file="TestScripts\test_imu_widget.py" line="138" time="0.000"><system-out>--------------------------------- Captured Log ---------------------------------

--------------------------------- Captured Out ---------------------------------

</system-out><system-err>--------------------------------- Captured Err ---------------------------------

</system-err></testcase><testcase classname="TestScripts.test_imu_widget.TestWidgetConstants" name="test_accel_scale" file="TestScripts\test_imu_widget.py" line="311" time="0.000"><system-out>--------------------------------- Captured Log ---------------------------------

--------------------------------- Captured Out ---------------------------------

</system-out><system-err>--------------------------------- Captured Err ---------------------------------

</system-err></testcase><testcase classname="TestScripts.test_imu_widget.TestWidgetConstants" name="test_flash_ms" file="TestScripts\test_imu_widget.py" line="326" time="0.000"><system-out>--------------------------------- Captured Log ---------------------------------

--------------------------------- Captured Out ---------------------------------

</system-out><system-err>--------------------------------- Captured Err ---------------------------------

</system-err></testcase><testcase classname="TestScripts.test_imu_widget.TestWidgetConstants" name="test_gyro_crit_dps" file="TestScripts\test_imu_widget.py" line="317" time="0.000"><system-out>--------------------------------- Captured Log ---------------------------------

--------------------------------- Captured Out ---------------------------------

</system-out><system-err>--------------------------------- Captured Err ---------------------------------

</system-err></testcase><testcase classname="TestScripts.test_imu_widget.TestWidgetConstants" name="test_gyro_scale" file="TestScripts\test_imu_widget.py" line="308" time="0.000"><system-out>--------------------------------- Captured Log ---------------------------------

--------------------------------- Captured Out ---------------------------------

</system-out><system-err>--------------------------------- Captured Err ---------------------------------

</system-err></testcase><testcase classname="TestScripts.test_imu_widget.TestWidgetConstants" name="test_gyro_warn_dps" file="TestScripts\test_imu_widget.py" line="314" time="0.000"><system-out>--------------------------------- Captured Log ---------------------------------

--------------------------------- Captured Out ---------------------------------

</system-out><system-err>--------------------------------- Captured Err ---------------------------------

</system-err></testcase><testcase classname="TestScripts.test_imu_widget.TestWidgetConstants" name="test_hold_crit_sec" file="TestScripts\test_imu_widget.py" line="323" time="0.000"><system-out>--------------------------------- Captured Log ---------------------------------

--------------------------------- Captured Out ---------------------------------

</system-out><system-err>--------------------------------- Captured Err ---------------------------------

</system-err></testcase><testcase classname="TestScripts.test_imu_widget.TestWidgetConstants" name="test_hold_warn_sec" file="TestScripts\test_imu_widget.py" line="320" time="0.012"><error message="failed on teardown with &quot;_tkinter.TclError: can't delete Tcl command&quot;">@pytest.fixture(scope="session")
    def tk_root():
        root = tk.Tk()
        root.withdraw()
        yield root
&gt;       root.destroy()

TestScripts\test_imu_widget.py:39: 
_ _ _ _ _ _ _ _ _ _ _ _ _ _ _ _ _ _ _ _ _ _ _ _ _ _ _ _ _ _ _ _ _ _ _ _ _ _ _ _
..\..\..\AppData\Local\Python\pythoncore-3.14-64\Lib\tkinter\__init__.py:2527: in destroy
    for c in list(self.children.values()): c.destroy()
                                           ^^^^^^^^^^^
..\..\..\AppData\Local\Python\pythoncore-3.14-64\Lib\tkinter\__init__.py:2816: in destroy
    Misc.destroy(self)
_ _ _ _ _ _ _ _ _ _ _ _ _ _ _ _ _ _ _ _ _ _ _ _ _ _ _ _ _ _ _ _ _ _ _ _ _ _ _ _

self = &lt;IMUWidget.IMUWidget object .!imuwidget11&gt;

    def destroy(self):
        """Internal function.
    
        Delete all Tcl commands created for
        this widget in the Tcl interpreter."""
        if self._tclCommands is not None:
            for name in self._tclCommands:
&gt;               self.tk.deletecommand(name)
E               _tkinter.TclError: can't delete Tcl command

..\..\..\AppData\Local\Python\pythoncore-3.14-64\Lib\tkinter\__init__.py:703: TclError</error><system-out>--------------------------------- Captured Log ---------------------------------

--------------------------------- Captured Out ---------------------------------

</system-out><system-err>--------------------------------- Captured Err ---------------------------------

</system-err></testcase></testsuite></testsuites>