<?xml version="1.0" encoding="utf-8"?><testsuites name="pytest tests"><testsuite name="pytest" errors="0" failures="0" skipped="0" tests="3" time="37.764" timestamp="2026-05-21T10:17:35.490639+02:00" hostname="TheSilent"><testcase classname="sat_imu.test_SAT_IMU_004.TestEndToEndLatency" name="test_SAT_IMU_004_latency_report" file="sat_imu\test_SAT_IMU_004.py" line="97" time="13.974"><system-out>--------------------------------- Captured Log ---------------------------------

--------------------------------- Captured Out ---------------------------------

[SAT conftest] Connected on COM4 — waiting 2 s for telemetry to stabilise

  ── SAT-IMU-004 Latency Report ─────────────────────────
  Percentile         ms   Pass?
  ----------------------------------
  P50             22.59  &lt; 30 ✓
  P75             30.41  
  P90             30.99  
  P95             31.16  &lt; 200 ✓
  P99             32.10  
  min              5.84
  max             32.79
  samples          1000
  ──────────────────────────────────────────────────────

</system-out><system-err>--------------------------------- Captured Err ---------------------------------

</system-err></testcase><testcase classname="sat_imu.test_SAT_IMU_004.TestEndToEndLatency" name="test_SAT_IMU_004_p50_under_30ms" file="sat_imu\test_SAT_IMU_004.py" line="86" time="11.857"><system-out>--------------------------------- Captured Log ---------------------------------

--------------------------------- Captured Out ---------------------------------

  samples : 1000
  P50     : 21.36 ms  (need &lt; 30.0)

</system-out><system-err>--------------------------------- Captured Err ---------------------------------

</system-err></testcase><testcase classname="sat_imu.test_SAT_IMU_004.TestEndToEndLatency" name="test_SAT_IMU_004_p95_under_200ms" file="sat_imu\test_SAT_IMU_004.py" line="75" time="11.912"><system-out>--------------------------------- Captured Log ---------------------------------

--------------------------------- Captured Out ---------------------------------

  samples : 1000
  P95     : 31.36 ms  (need &lt; 200.0)

[SAT conftest] Disconnected

</system-out><system-err>--------------------------------- Captured Err ---------------------------------

</system-err></testcase></testsuite></testsuites>