<?xml version="1.0" encoding="utf-8"?><testsuites name="pytest tests"><testsuite name="pytest" errors="0" failures="0" skipped="1" tests="1" time="10.714" timestamp="2026-05-21T12:55:33.628430+02:00" hostname="TheSilent"><testcase classname="sat_imu.test_SAT_IMU_005.TestFaultTolerance" name="test_SAT_IMU_005_B_widget_receives_link_status" file="sat_imu\test_SAT_IMU_005.py" line="217" time="10.693"><skipped type="pytest.skip" message="Could not capture link_healthy=False snapshot within 8.0 s — FC may be responding too quickly for FAIL_THRESHOLD to trigger.">C:\Users\TheSilent\Desktop\Project R.A.D\DroneCockpitUI\sat_imu\test_SAT_IMU_005.py:240: Could not capture link_healthy=False snapshot within 8.0 s — FC may be responding too quickly for FAIL_THRESHOLD to trigger.</skipped><system-out>--------------------------------- Captured Log ---------------------------------

--------------------------------- Captured Out ---------------------------------

[SAT conftest] Connected on COM4 — waiting 2 s for telemetry to stabilise

</system-out><system-err>--------------------------------- Captured Err ---------------------------------

</system-err><system-out>--------------------------------- Captured Log ---------------------------------

--------------------------------- Captured Out ---------------------------------

[SAT conftest] Connected on COM4 — waiting 2 s for telemetry to stabilise

[SAT conftest] Disconnected

</system-out><system-err>--------------------------------- Captured Err ---------------------------------

</system-err></testcase></testsuite></testsuites>