<?xml version="1.0" encoding="utf-8"?><testsuites name="pytest tests"><testsuite name="pytest" errors="0" failures="0" skipped="5" tests="5" time="0.030" timestamp="2026-05-21T10:13:46.981915+02:00" hostname="TheSilent"><testcase classname="sat_imu.test_SAT_IMU_002.TestGravityReference" name="test_SAT_IMU_002_accZ_mean_in_range" file="sat_imu\test_SAT_IMU_002.py" line="177" time="0.001"><skipped type="pytest.skip" message="F405 not found — connect board via USB and retry">C:\Users\TheSilent\Desktop\Project R.A.D\DroneCockpitUI\sat_imu\test_SAT_IMU_002.py:178: F405 not found — connect board via USB and retry</skipped><system-out>--------------------------------- Captured Log ---------------------------------

--------------------------------- Captured Out ---------------------------------

</system-out><system-err>--------------------------------- Captured Err ---------------------------------

</system-err><system-out>--------------------------------- Captured Log ---------------------------------

--------------------------------- Captured Out ---------------------------------

</system-out><system-err>--------------------------------- Captured Err ---------------------------------

</system-err></testcase><testcase classname="sat_imu.test_SAT_IMU_002.TestGravityReference" name="test_SAT_IMU_002_accZ_std_within_noise_floor" file="sat_imu\test_SAT_IMU_002.py" line="204" time="0.000"><skipped type="pytest.skip" message="F405 not found — connect board via USB and retry">C:\Users\TheSilent\Desktop\Project R.A.D\DroneCockpitUI\sat_imu\test_SAT_IMU_002.py:205: F405 not found — connect board via USB and retry</skipped><system-out>--------------------------------- Captured Log ---------------------------------

--------------------------------- Captured Out ---------------------------------

</system-out><system-err>--------------------------------- Captured Err ---------------------------------

</system-err><system-out>--------------------------------- Captured Log ---------------------------------

--------------------------------- Captured Out ---------------------------------

</system-out><system-err>--------------------------------- Captured Err ---------------------------------

</system-err></testcase><testcase classname="sat_imu.test_SAT_IMU_002.TestGravityReference" name="test_SAT_IMU_002_gyro_at_rest" file="sat_imu\test_SAT_IMU_002.py" line="223" time="0.000"><skipped type="pytest.skip" message="F405 not found — connect board via USB and retry">C:\Users\TheSilent\Desktop\Project R.A.D\DroneCockpitUI\sat_imu\test_SAT_IMU_002.py:224: F405 not found — connect board via USB and retry</skipped><system-out>--------------------------------- Captured Log ---------------------------------

--------------------------------- Captured Out ---------------------------------

</system-out><system-err>--------------------------------- Captured Err ---------------------------------

</system-err><system-out>--------------------------------- Captured Log ---------------------------------

--------------------------------- Captured Out ---------------------------------

</system-out><system-err>--------------------------------- Captured Err ---------------------------------

</system-err></testcase><testcase classname="sat_imu.test_SAT_IMU_002.TestGravityReference" name="test_SAT_IMU_002_widget_az_matches_sensor" file="sat_imu\test_SAT_IMU_002.py" line="253" time="0.000"><skipped type="pytest.skip" message="F405 not found — connect board via USB and retry">C:\Users\TheSilent\Desktop\Project R.A.D\DroneCockpitUI\sat_imu\test_SAT_IMU_002.py:254: F405 not found — connect board via USB and retry</skipped><system-out>--------------------------------- Captured Log ---------------------------------

--------------------------------- Captured Out ---------------------------------

</system-out><system-err>--------------------------------- Captured Err ---------------------------------

</system-err><system-out>--------------------------------- Captured Log ---------------------------------

--------------------------------- Captured Out ---------------------------------

</system-out><system-err>--------------------------------- Captured Err ---------------------------------

</system-err></testcase><testcase classname="sat_imu.test_SAT_IMU_005.TestFaultTolerance" name="test_SAT_IMU_005_B_unhealthy_link_flagged_during_injection" file="sat_imu\test_SAT_IMU_005.py" line="149" time="0.000"><skipped type="pytest.skip" message="F405 not found — connect board via USB and retry">C:\Users\TheSilent\Desktop\Project R.A.D\DroneCockpitUI\sat_imu\test_SAT_IMU_005.py:150: F405 not found — connect board via USB and retry</skipped><system-out>--------------------------------- Captured Log ---------------------------------

--------------------------------- Captured Out ---------------------------------

</system-out><system-err>--------------------------------- Captured Err ---------------------------------

</system-err><system-out>--------------------------------- Captured Log ---------------------------------

--------------------------------- Captured Out ---------------------------------

</system-out><system-err>--------------------------------- Captured Err ---------------------------------

</system-err></testcase></testsuite></testsuites>