<?xml version="1.0" encoding="utf-8"?><testsuites name="pytest tests"><testsuite name="pytest" errors="1" failures="3" skipped="0" tests="49" time="100.939" timestamp="2026-05-19T17:14:22.354312+02:00" hostname="TheSilent"><testcase classname="it_tests.test_IT_IMU_001.TestLiveDataContinuity" name="test_IT_IMU_001_imu_fields_nonzero" file="it_tests\test_IT_IMU_001.py" line="43" time="6.078"><system-out>--------------------------------- Captured Log ---------------------------------

--------------------------------- Captured Out ---------------------------------

[conftest] Connected on COM4 — waiting 1 s for telemetry to stabilise

  snapshots collected : 925
  all-zero snapshots  : 0

</system-out><system-err>--------------------------------- Captured Err ---------------------------------

</system-err></testcase><testcase classname="it_tests.test_IT_IMU_001.TestLiveDataContinuity" name="test_IT_IMU_001_packet_rate" file="it_tests\test_IT_IMU_001.py" line="27" time="5.003"><failure message="AssertionError: Packet rate too low: 16 packets in 5.0 s (need ≥ 250)&#10;assert 16 &gt;= 250&#10; +  where 250 = &lt;test_IT_IMU_001.TestLiveDataContinuity object at 0x0000024FB5555950&gt;.MIN_PACKET_DELTA">self = &lt;test_IT_IMU_001.TestLiveDataContinuity object at 0x0000024FB5555950&gt;
drone_link = &lt;DroneBackend.DroneLink object at 0x0000024FB3AAFAF0&gt;

    def test_IT_IMU_001_packet_rate(self, drone_link):
        """packet_count must increase by ≥ 250 over 5 s (≥ 50 Hz)."""
        s0 = drone_link.get_latest_state()
        start_count = s0.packet_count
    
        time.sleep(self.SAMPLE_DURATION_S)
    
        s1 = drone_link.get_latest_state()
        delta = s1.packet_count - start_count
    
        print(f"\n  packet delta = {delta}  (need ≥ {self.MIN_PACKET_DELTA})")
&gt;       assert delta &gt;= self.MIN_PACKET_DELTA, (
            f"Packet rate too low: {delta} packets in {self.SAMPLE_DURATION_S} s "
            f"(need ≥ {self.MIN_PACKET_DELTA})"
        )
E       AssertionError: Packet rate too low: 16 packets in 5.0 s (need ≥ 250)
E       assert 16 &gt;= 250
E        +  where 250 = &lt;test_IT_IMU_001.TestLiveDataContinuity object at 0x0000024FB5555950&gt;.MIN_PACKET_DELTA

it_tests\test_IT_IMU_001.py:39: AssertionError</failure><system-out>--------------------------------- Captured Log ---------------------------------

--------------------------------- Captured Out ---------------------------------

  packet delta = 16  (need ≥ 250)

</system-out><system-err>--------------------------------- Captured Err ---------------------------------

</system-err></testcase><testcase classname="it_tests.test_IT_IMU_001.TestLiveDataContinuity" name="test_IT_IMU_001_rtt_under_50ms" file="it_tests\test_IT_IMU_001.py" line="64" time="5.006"><system-out>--------------------------------- Captured Log ---------------------------------

--------------------------------- Captured Out ---------------------------------

  RTT samples : 920
  RTT &lt; 50 ms : 100.0%  (need ≥ 95.0%)
  RTT min/max : 1.99 / 31.21 ms

</system-out><system-err>--------------------------------- Captured Err ---------------------------------

</system-err></testcase><testcase classname="it_tests.test_IT_IMU_002.TestScaleValidation" name="test_IT_IMU_002_accel_z_mean" file="it_tests\test_IT_IMU_002.py" line="33" time="5.012"><failure message="AssertionError: accZ mean = 0.2502 g — outside [0.95, 1.05] g. Is the FC flat and level?&#10;assert 0.95 &lt;= 0.25020447417125263&#10; +  where 0.95 = &lt;test_IT_IMU_002.TestScaleValidation object at 0x0000024FB5557250&gt;.MEAN_LOW">self = &lt;test_IT_IMU_002.TestScaleValidation object at 0x0000024FB5557250&gt;
imu_sensor = &lt;DroneBackend.IMUSensor object at 0x0000024FB3ACD430&gt;

    def test_IT_IMU_002_accel_z_mean(self, imu_sensor):
        """mean(accZ) must be in [0.95, 1.05] g with FC flat and level."""
        samples = self._collect_az(imu_sensor)
        mean = statistics.mean(samples)
    
        print(f"\n  samples     : {len(samples)}")
        print(f"  accZ mean   : {mean:.4f} g  (need {self.MEAN_LOW} – {self.MEAN_HIGH})")
&gt;       assert self.MEAN_LOW &lt;= mean &lt;= self.MEAN_HIGH, (
            f"accZ mean = {mean:.4f} g — outside [0.95, 1.05] g. "
            "Is the FC flat and level?"
        )
E       AssertionError: accZ mean = 0.2502 g — outside [0.95, 1.05] g. Is the FC flat and level?
E       assert 0.95 &lt;= 0.25020447417125263
E        +  where 0.95 = &lt;test_IT_IMU_002.TestScaleValidation object at 0x0000024FB5557250&gt;.MEAN_LOW

it_tests\test_IT_IMU_002.py:41: AssertionError</failure><system-out>--------------------------------- Captured Log ---------------------------------

--------------------------------- Captured Out ---------------------------------

  samples     : 477
  accZ mean   : 0.2502 g  (need 0.95 – 1.05)

</system-out><system-err>--------------------------------- Captured Err ---------------------------------

</system-err></testcase><testcase classname="it_tests.test_IT_IMU_002.TestScaleValidation" name="test_IT_IMU_002_accel_z_stdev" file="it_tests\test_IT_IMU_002.py" line="45" time="5.006"><system-out>--------------------------------- Captured Log ---------------------------------

--------------------------------- Captured Out ---------------------------------

  samples     : 476
  accZ stdev  : 0.0003 g  (need &lt; 0.01)

</system-out><system-err>--------------------------------- Captured Err ---------------------------------

</system-err></testcase><testcase classname="it_tests.test_IT_IMU_002.TestScaleValidation" name="test_IT_IMU_002_sample_count" file="it_tests\test_IT_IMU_002.py" line="57" time="5.006"><system-out>--------------------------------- Captured Log ---------------------------------

--------------------------------- Captured Out ---------------------------------

  samples collected : 476  (need ≥ 400)

</system-out><system-err>--------------------------------- Captured Err ---------------------------------

</system-err></testcase><testcase classname="it_tests.test_IT_IMU_003.TestEndToEndLatency" name="test_IT_IMU_003_latency_summary" file="it_tests\test_IT_IMU_003.py" line="97" time="11.958"><system-out>--------------------------------- Captured Log ---------------------------------

--------------------------------- Captured Out ---------------------------------

  Percentile         ms
  ----------------------
  P50             13.97 ✓
  P75             25.90 ✓
  P90             31.10
  P95             31.35 ✓
  P99             31.53
  min              4.01
  max             31.67

</system-out><system-err>--------------------------------- Captured Err ---------------------------------

</system-err></testcase><testcase classname="it_tests.test_IT_IMU_003.TestEndToEndLatency" name="test_IT_IMU_003_p50_under_30ms" file="it_tests\test_IT_IMU_003.py" line="86" time="11.873"><system-out>--------------------------------- Captured Log ---------------------------------

--------------------------------- Captured Out ---------------------------------

  samples : 1000
  P50     : 15.99 ms  (need &lt; 30.0)

</system-out><system-err>--------------------------------- Captured Err ---------------------------------

</system-err></testcase><testcase classname="it_tests.test_IT_IMU_003.TestEndToEndLatency" name="test_IT_IMU_003_p95_under_200ms" file="it_tests\test_IT_IMU_003.py" line="75" time="11.943"><system-out>--------------------------------- Captured Log ---------------------------------

--------------------------------- Captured Out ---------------------------------

  samples : 1000
  P95     : 31.71 ms  (need &lt; 200.0)

</system-out><system-err>--------------------------------- Captured Err ---------------------------------

</system-err></testcase><testcase classname="it_tests.test_IT_IMU_004.TestCorruptFrameRecovery" name="test_IT_IMU_004_dronestate_unchanged_on_bad_frame" file="it_tests\test_IT_IMU_004.py" line="134" time="2.005"><system-out>--------------------------------- Captured Log ---------------------------------

--------------------------------- Captured Out ---------------------------------

  out-of-range violations : 0

</system-out><system-err>--------------------------------- Captured Err ---------------------------------

</system-err></testcase><testcase classname="it_tests.test_IT_IMU_004.TestCorruptFrameRecovery" name="test_IT_IMU_004_link_recovers_after_injection" file="it_tests\test_IT_IMU_004.py" line="81" time="2.001"><system-out>--------------------------------- Captured Log ---------------------------------

--------------------------------- Captured Out ---------------------------------

  link_healthy recovered : True

</system-out><system-err>--------------------------------- Captured Err ---------------------------------

</system-err></testcase><testcase classname="it_tests.test_IT_IMU_004.TestCorruptFrameRecovery" name="test_IT_IMU_004_no_crash_during_injection" file="it_tests\test_IT_IMU_004.py" line="65" time="2.001"><system-out>--------------------------------- Captured Log ---------------------------------

--------------------------------- Captured Out ---------------------------------

</system-out><system-err>--------------------------------- Captured Err ---------------------------------

</system-err></testcase><testcase classname="it_tests.test_IT_IMU_004.TestCorruptFrameRecovery" name="test_IT_IMU_004_packet_count_continues" file="it_tests\test_IT_IMU_004.py" line="104" time="5.003"><failure message="AssertionError: Only 7 new packets in 2.0 s after recovery (need ≥ 80) — worker thread may have stalled&#10;assert 7 &gt;= 80">self = &lt;test_IT_IMU_004.TestCorruptFrameRecovery object at 0x0000024FB56A2650&gt;
drone_link = &lt;DroneBackend.DroneLink object at 0x0000024FB3AAFAF0&gt;

    def test_IT_IMU_004_packet_count_continues(self, drone_link):
        """packet_count must keep incrementing after recovery — no thread hang."""
        # Inject, recover, then confirm packets keep flowing
        drone_link.set_poll_interval_ms(0)
        time.sleep(self.INJECT_DURATION_S)
        drone_link.set_poll_interval_ms(self.NORMAL_INTERVAL_MS)
    
        # Wait for full recovery
        time.sleep(self.RECOVERY_WINDOW_S)
    
        s_before = drone_link.get_latest_state()
        count_before = s_before.packet_count
    
        time.sleep(self.MONITOR_DURATION_S)
    
        s_after = drone_link.get_latest_state()
        count_after = s_after.packet_count
    
        delta = count_after - count_before
        # At 50 Hz minimum over MONITOR_DURATION_S we expect ≥ 50 new packets
        min_expected = int(50 * self.MONITOR_DURATION_S * 0.8)   # 80% tolerance
    
        print(f"\n  packet_count before : {count_before}")
        print(f"  packet_count after  : {count_after}")
        print(f"  delta               : {delta}  (need ≥ {min_expected})")
&gt;       assert delta &gt;= min_expected, (
            f"Only {delta} new packets in {self.MONITOR_DURATION_S} s after recovery "
            f"(need ≥ {min_expected}) — worker thread may have stalled"
        )
E       AssertionError: Only 7 new packets in 2.0 s after recovery (need ≥ 80) — worker thread may have stalled
E       assert 7 &gt;= 80

it_tests\test_IT_IMU_004.py:130: AssertionError</failure><system-out>--------------------------------- Captured Log ---------------------------------

--------------------------------- Captured Out ---------------------------------

  packet_count before : 249
  packet_count after  : 256
  delta               : 7  (need ≥ 80)

</system-out><system-err>--------------------------------- Captured Err ---------------------------------

</system-err></testcase><testcase classname="TestScripts.test_imu_widget" name="test_accel_scale" file="TestScripts\test_imu_widget.py" line="358" time="0.659"><system-out>--------------------------------- Captured Log ---------------------------------

--------------------------------- Captured Out ---------------------------------

</system-out><system-err>--------------------------------- Captured Err ---------------------------------

</system-err></testcase><testcase classname="TestScripts.test_imu_widget" name="test_flash_ms" file="TestScripts\test_imu_widget.py" line="378" time="0.602"><system-out>--------------------------------- Captured Log ---------------------------------

--------------------------------- Captured Out ---------------------------------

</system-out><system-err>--------------------------------- Captured Err ---------------------------------

</system-err></testcase><testcase classname="TestScripts.test_imu_widget" name="test_gyro_crit_dps" file="TestScripts\test_imu_widget.py" line="366" time="0.602"><system-out>--------------------------------- Captured Log ---------------------------------

--------------------------------- Captured Out ---------------------------------

</system-out><system-err>--------------------------------- Captured Err ---------------------------------

</system-err></testcase><testcase classname="TestScripts.test_imu_widget" name="test_gyro_scale" file="TestScripts\test_imu_widget.py" line="354" time="0.603"><system-out>--------------------------------- Captured Log ---------------------------------

--------------------------------- Captured Out ---------------------------------

</system-out><system-err>--------------------------------- Captured Err ---------------------------------

</system-err></testcase><testcase classname="TestScripts.test_imu_widget" name="test_gyro_warn_dps" file="TestScripts\test_imu_widget.py" line="362" time="0.602"><system-out>--------------------------------- Captured Log ---------------------------------

--------------------------------- Captured Out ---------------------------------

</system-out><system-err>--------------------------------- Captured Err ---------------------------------

</system-err></testcase><testcase classname="TestScripts.test_imu_widget" name="test_hold_crit_sec" file="TestScripts\test_imu_widget.py" line="374" time="0.604"><system-out>--------------------------------- Captured Log ---------------------------------

--------------------------------- Captured Out ---------------------------------

</system-out><system-err>--------------------------------- Captured Err ---------------------------------

</system-err></testcase><testcase classname="TestScripts.test_imu_widget" name="test_hold_warn_sec" file="TestScripts\test_imu_widget.py" line="370" time="0.611"><system-out>--------------------------------- Captured Log ---------------------------------

--------------------------------- Captured Out ---------------------------------

</system-out><system-err>--------------------------------- Captured Err ---------------------------------

</system-err></testcase><testcase classname="TestScripts.test_imu_widget.TestCritState" name="test_UT_ALERT_003_after_expiry_safe_band_is_safe" file="TestScripts\test_imu_widget.py" line="267" time="0.602"><system-out>--------------------------------- Captured Log ---------------------------------

--------------------------------- Captured Out ---------------------------------

</system-out><system-err>--------------------------------- Captured Err ---------------------------------

</system-err></testcase><testcase classname="TestScripts.test_imu_widget.TestCritState" name="test_UT_ALERT_003_after_expiry_warn_band_is_warn" file="TestScripts\test_imu_widget.py" line="260" time="0.603"><system-out>--------------------------------- Captured Log ---------------------------------

--------------------------------- Captured Out ---------------------------------

</system-out><system-err>--------------------------------- Captured Err ---------------------------------

</system-err></testcase><testcase classname="TestScripts.test_imu_widget.TestCritState" name="test_UT_ALERT_003_crit_overrides_warn" file="TestScripts\test_imu_widget.py" line="243" time="0.605"><system-out>--------------------------------- Captured Log ---------------------------------

--------------------------------- Captured Out ---------------------------------

</system-out><system-err>--------------------------------- Captured Err ---------------------------------

</system-err></testcase><testcase classname="TestScripts.test_imu_widget.TestCritState" name="test_UT_ALERT_003_entry_above_100dps" file="TestScripts\test_imu_widget.py" line="220" time="0.602"><system-out>--------------------------------- Captured Log ---------------------------------

--------------------------------- Captured Out ---------------------------------

</system-out><system-err>--------------------------------- Captured Err ---------------------------------

</system-err></testcase><testcase classname="TestScripts.test_imu_widget.TestCritState" name="test_UT_ALERT_003_entry_at_100dps" file="TestScripts\test_imu_widget.py" line="216" time="0.604"><system-out>--------------------------------- Captured Log ---------------------------------

--------------------------------- Captured Out ---------------------------------

</system-out><system-err>--------------------------------- Captured Err ---------------------------------

</system-err></testcase><testcase classname="TestScripts.test_imu_widget.TestCritState" name="test_UT_ALERT_003_four_sample_sequence" file="TestScripts\test_imu_widget.py" line="224" time="0.603"><system-out>--------------------------------- Captured Log ---------------------------------

--------------------------------- Captured Out ---------------------------------

</system-out><system-err>--------------------------------- Captured Err ---------------------------------

</system-err></testcase><testcase classname="TestScripts.test_imu_widget.TestCritState" name="test_UT_ALERT_003_hold_refreshed_during_crit" file="TestScripts\test_imu_widget.py" line="251" time="0.604"><system-out>--------------------------------- Captured Log ---------------------------------

--------------------------------- Captured Out ---------------------------------

</system-out><system-err>--------------------------------- Captured Err ---------------------------------

</system-err></testcase><testcase classname="TestScripts.test_imu_widget.TestCritState" name="test_UT_ALERT_003_hold_timer_set_to_4s" file="TestScripts\test_imu_widget.py" line="236" time="0.604"><system-out>--------------------------------- Captured Log ---------------------------------

--------------------------------- Captured Out ---------------------------------

</system-out><system-err>--------------------------------- Captured Err ---------------------------------

</system-err></testcase><testcase classname="TestScripts.test_imu_widget.TestFlashTicker" name="test_UT_ALERT_004_flash_ms_constant" file="TestScripts\test_imu_widget.py" line="282" time="0.605"><system-out>--------------------------------- Captured Log ---------------------------------

--------------------------------- Captured Out ---------------------------------

</system-out><system-err>--------------------------------- Captured Err ---------------------------------

</system-err></testcase><testcase classname="TestScripts.test_imu_widget.TestFlashTicker" name="test_UT_ALERT_004_partial_unregister_keeps_ticker" file="TestScripts\test_imu_widget.py" line="329" time="1.313"><system-out>--------------------------------- Captured Log ---------------------------------

--------------------------------- Captured Out ---------------------------------

</system-out><system-err>--------------------------------- Captured Err ---------------------------------

</system-err></testcase><testcase classname="TestScripts.test_imu_widget.TestFlashTicker" name="test_UT_ALERT_004_registry_tracks_labels" file="TestScripts\test_imu_widget.py" line="306" time="0.605"><system-out>--------------------------------- Captured Log ---------------------------------

--------------------------------- Captured Out ---------------------------------

</system-out><system-err>--------------------------------- Captured Err ---------------------------------

</system-err></testcase><testcase classname="TestScripts.test_imu_widget.TestFlashTicker" name="test_UT_ALERT_004_ticker_not_duplicated" file="TestScripts\test_imu_widget.py" line="294" time="0.609"><system-out>--------------------------------- Captured Log ---------------------------------

--------------------------------- Captured Out ---------------------------------

</system-out><system-err>--------------------------------- Captured Err ---------------------------------

</system-err></testcase><testcase classname="TestScripts.test_imu_widget.TestFlashTicker" name="test_UT_ALERT_004_ticker_starts_on_register" file="TestScripts\test_imu_widget.py" line="286" time="0.604"><system-out>--------------------------------- Captured Log ---------------------------------

--------------------------------- Captured Out ---------------------------------

</system-out><system-err>--------------------------------- Captured Err ---------------------------------

</system-err></testcase><testcase classname="TestScripts.test_imu_widget.TestFlashTicker" name="test_UT_ALERT_004_ticker_stops_after_last_unregister" file="TestScripts\test_imu_widget.py" line="314" time="1.317"><system-out>--------------------------------- Captured Log ---------------------------------

--------------------------------- Captured Out ---------------------------------

</system-out><system-err>--------------------------------- Captured Err ---------------------------------

</system-err></testcase><testcase classname="TestScripts.test_imu_widget.TestSafeState" name="test_UT_ALERT_001_all_axes_independent" file="TestScripts\test_imu_widget.py" line="147" time="0.604"><system-out>--------------------------------- Captured Log ---------------------------------

--------------------------------- Captured Out ---------------------------------

</system-out><system-err>--------------------------------- Captured Err ---------------------------------

</system-err></testcase><testcase classname="TestScripts.test_imu_widget.TestSafeState" name="test_UT_ALERT_001_below_warn_threshold" file="TestScripts\test_imu_widget.py" line="124" time="0.613"><system-out>--------------------------------- Captured Log ---------------------------------

--------------------------------- Captured Out ---------------------------------

</system-out><system-err>--------------------------------- Captured Err ---------------------------------

</system-err></testcase><testcase classname="TestScripts.test_imu_widget.TestSafeState" name="test_UT_ALERT_001_boundary_just_below" file="TestScripts\test_imu_widget.py" line="137" time="0.605"><system-out>--------------------------------- Captured Log ---------------------------------

--------------------------------- Captured Out ---------------------------------

</system-out><system-err>--------------------------------- Captured Err ---------------------------------

</system-err></testcase><testcase classname="TestScripts.test_imu_widget.TestSafeState" name="test_UT_ALERT_001_hold_until_zero_after_safe" file="TestScripts\test_imu_widget.py" line="141" time="0.608"><system-out>--------------------------------- Captured Log ---------------------------------

--------------------------------- Captured Out ---------------------------------

</system-out><system-err>--------------------------------- Captured Err ---------------------------------

</system-err></testcase><testcase classname="TestScripts.test_imu_widget.TestSafeState" name="test_UT_ALERT_001_small_positive_rate" file="TestScripts\test_imu_widget.py" line="133" time="0.612"><system-out>--------------------------------- Captured Log ---------------------------------

--------------------------------- Captured Out ---------------------------------

</system-out><system-err>--------------------------------- Captured Err ---------------------------------

</system-err></testcase><testcase classname="TestScripts.test_imu_widget.TestSafeState" name="test_UT_ALERT_001_zero_rate_is_safe" file="TestScripts\test_imu_widget.py" line="129" time="0.603"><system-out>--------------------------------- Captured Log ---------------------------------

--------------------------------- Captured Out ---------------------------------

</system-out><system-err>--------------------------------- Captured Err ---------------------------------

</system-err></testcase><testcase classname="TestScripts.test_imu_widget.TestWarnState" name="test_UT_ALERT_002_axes_independent" file="TestScripts\test_imu_widget.py" line="202" time="0.603"><system-out>--------------------------------- Captured Log ---------------------------------

--------------------------------- Captured Out ---------------------------------

</system-out><system-err>--------------------------------- Captured Err ---------------------------------

</system-err></testcase><testcase classname="TestScripts.test_imu_widget.TestWarnState" name="test_UT_ALERT_002_entry_at_30dps" file="TestScripts\test_imu_widget.py" line="162" time="0.602"><system-out>--------------------------------- Captured Log ---------------------------------

--------------------------------- Captured Out ---------------------------------

</system-out><system-err>--------------------------------- Captured Err ---------------------------------

</system-err></testcase><testcase classname="TestScripts.test_imu_widget.TestWarnState" name="test_UT_ALERT_002_entry_at_50dps" file="TestScripts\test_imu_widget.py" line="167" time="0.602"><system-out>--------------------------------- Captured Log ---------------------------------

--------------------------------- Captured Out ---------------------------------

</system-out><system-err>--------------------------------- Captured Err ---------------------------------

</system-err></testcase><testcase classname="TestScripts.test_imu_widget.TestWarnState" name="test_UT_ALERT_002_entry_at_99p9dps" file="TestScripts\test_imu_widget.py" line="171" time="0.602"><system-out>--------------------------------- Captured Log ---------------------------------

--------------------------------- Captured Out ---------------------------------

</system-out><system-err>--------------------------------- Captured Err ---------------------------------

</system-err></testcase><testcase classname="TestScripts.test_imu_widget.TestWarnState" name="test_UT_ALERT_002_hold_active_at_0p5s" file="TestScripts\test_imu_widget.py" line="175" time="0.606"><system-out>--------------------------------- Captured Log ---------------------------------

--------------------------------- Captured Out ---------------------------------

</system-out><system-err>--------------------------------- Captured Err ---------------------------------

</system-err></testcase><testcase classname="TestScripts.test_imu_widget.TestWarnState" name="test_UT_ALERT_002_hold_active_at_1p9s" file="TestScripts\test_imu_widget.py" line="181" time="0.604"><system-out>--------------------------------- Captured Log ---------------------------------

--------------------------------- Captured Out ---------------------------------

</system-out><system-err>--------------------------------- Captured Err ---------------------------------

</system-err></testcase><testcase classname="TestScripts.test_imu_widget.TestWarnState" name="test_UT_ALERT_002_hold_expires_at_2p1s" file="TestScripts\test_imu_widget.py" line="187" time="0.603"><system-out>--------------------------------- Captured Log ---------------------------------

--------------------------------- Captured Out ---------------------------------

</system-out><system-err>--------------------------------- Captured Err ---------------------------------

</system-err></testcase><testcase classname="TestScripts.test_imu_widget.TestWarnState" name="test_UT_ALERT_002_hold_timer_value" file="TestScripts\test_imu_widget.py" line="193" time="0.851"><system-out>--------------------------------- Captured Log ---------------------------------

--------------------------------- Captured Out ---------------------------------

[conftest] Disconnected

</system-out><system-err>--------------------------------- Captured Err ---------------------------------

</system-err></testcase><testcase classname="pytest" name="internal" time="0.000"><error message="internal error">Traceback (most recent call last):
  File "C:\Users\TheSilent\AppData\Local\Python\pythoncore-3.14-64\Lib\site-packages\_pytest\main.py", line 318, in wrap_session
    session.exitstatus = doit(config, session) or 0
                         ~~~~^^^^^^^^^^^^^^^^^
  File "C:\Users\TheSilent\AppData\Local\Python\pythoncore-3.14-64\Lib\site-packages\_pytest\main.py", line 372, in _main
    config.hook.pytest_runtestloop(session=session)
    ~~~~~~~~~~~~~~~~~~~~~~~~~~~~~~^^^^^^^^^^^^^^^^^
  File "C:\Users\TheSilent\AppData\Local\Python\pythoncore-3.14-64\Lib\site-packages\pluggy\_hooks.py", line 512, in __call__
    return self._hookexec(self.name, self._hookimpls.copy(), kwargs, firstresult)
           ~~~~~~~~~~~~~~^^^^^^^^^^^^^^^^^^^^^^^^^^^^^^^^^^^^^^^^^^^^^^^^^^^^^^^^
  File "C:\Users\TheSilent\AppData\Local\Python\pythoncore-3.14-64\Lib\site-packages\pluggy\_manager.py", line 120, in _hookexec
    return self._inner_hookexec(hook_name, methods, kwargs, firstresult)
           ~~~~~~~~~~~~~~~~~~~~^^^^^^^^^^^^^^^^^^^^^^^^^^^^^^^^^^^^^^^^^
  File "C:\Users\TheSilent\AppData\Local\Python\pythoncore-3.14-64\Lib\site-packages\pluggy\_callers.py", line 167, in _multicall
    raise exception
  File "C:\Users\TheSilent\AppData\Local\Python\pythoncore-3.14-64\Lib\site-packages\pluggy\_callers.py", line 139, in _multicall
    teardown.throw(exception)
    ~~~~~~~~~~~~~~^^^^^^^^^^^
  File "C:\Users\TheSilent\AppData\Local\Python\pythoncore-3.14-64\Lib\site-packages\_pytest\logging.py", line 801, in pytest_runtestloop
    return (yield)  # Run all the tests.
            ^^^^^
  File "C:\Users\TheSilent\AppData\Local\Python\pythoncore-3.14-64\Lib\site-packages\pluggy\_callers.py", line 152, in _multicall
    teardown.send(result)
    ~~~~~~~~~~~~~^^^^^^^^
  File "C:\Users\TheSilent\AppData\Local\Python\pythoncore-3.14-64\Lib\site-packages\_pytest\terminal.py", line 715, in pytest_runtestloop
    self._write_progress_information_filling_space()
    ~~~~~~~~~~~~~~~~~~~~~~~~~~~~~~~~~~~~~~~~~~~~~~^^
  File "C:\Users\TheSilent\AppData\Local\Python\pythoncore-3.14-64\Lib\site-packages\_pytest\terminal.py", line 785, in _write_progress_information_filling_space
    self.write(msg.rjust(fill), flush=True, **{color: True})
    ~~~~~~~~~~^^^^^^^^^^^^^^^^^^^^^^^^^^^^^^^^^^^^^^^^^^^^^^
  File "C:\Users\TheSilent\AppData\Local\Python\pythoncore-3.14-64\Lib\site-packages\_pytest\terminal.py", line 525, in write
    self._tw.write(content, flush=flush, **markup)
    ~~~~~~~~~~~~~~^^^^^^^^^^^^^^^^^^^^^^^^^^^^^^^^
  File "C:\Users\TheSilent\AppData\Local\Python\pythoncore-3.14-64\Lib\site-packages\_pytest\_io\terminalwriter.py", line 164, in write
    self.write_raw(msg, flush=flush)
    ~~~~~~~~~~~~~~^^^^^^^^^^^^^^^^^^
  File "C:\Users\TheSilent\AppData\Local\Python\pythoncore-3.14-64\Lib\site-packages\_pytest\_io\terminalwriter.py", line 180, in write_raw
    self.flush()
    ~~~~~~~~~~^^
  File "C:\Users\TheSilent\AppData\Local\Python\pythoncore-3.14-64\Lib\site-packages\_pytest\_io\terminalwriter.py", line 187, in flush
    self._file.flush()
    ~~~~~~~~~~~~~~~~^^
OSError: [Errno 22] Invalid argument</error></testcase></testsuite></testsuites>