<?xml version="1.0" encoding="utf-8"?><testsuites name="pytest tests"><testsuite name="pytest" errors="0" failures="1" skipped="0" tests="5" time="45.383" timestamp="2026-05-21T12:31:03.403628+02:00" hostname="TheSilent"><testcase classname="sat_imu.test_SAT_IMU_002.TestGravityReference" name="test_SAT_IMU_002_accZ_mean_in_range" file="sat_imu\test_SAT_IMU_002.py" line="168" time="12.117"><system-out>--------------------------------- Captured Log ---------------------------------

--------------------------------- Captured Out ---------------------------------

[SAT conftest] Connected on COM4 — waiting 2 s for telemetry to stabilise

  [SAT-002] accZ  mean=1.0002 g  n=98  range=[0.95, 1.05] g

</system-out><system-err>--------------------------------- Captured Err ---------------------------------

</system-err></testcase><testcase classname="sat_imu.test_SAT_IMU_002.TestGravityReference" name="test_SAT_IMU_002_accZ_std_within_noise_floor" file="sat_imu\test_SAT_IMU_002.py" line="195" time="10.003"><system-out>--------------------------------- Captured Log ---------------------------------

--------------------------------- Captured Out ---------------------------------

  [SAT-002] accZ  std=0.00130 g  (limit &lt; 0.01 g)

</system-out><system-err>--------------------------------- Captured Err ---------------------------------

</system-err></testcase><testcase classname="sat_imu.test_SAT_IMU_002.TestGravityReference" name="test_SAT_IMU_002_gyro_at_rest" file="sat_imu\test_SAT_IMU_002.py" line="214" time="10.005"><system-out>--------------------------------- Captured Log ---------------------------------

--------------------------------- Captured Out ---------------------------------

  [SAT-002] gyroX  mean |rate| = 0.126 °/s  (limit ≤ 2.0 °/s)

  [SAT-002] gyroY  mean |rate| = 0.072 °/s  (limit ≤ 2.0 °/s)

  [SAT-002] gyroZ  mean |rate| = 0.073 °/s  (limit ≤ 2.0 °/s)

</system-out><system-err>--------------------------------- Captured Err ---------------------------------

</system-err></testcase><testcase classname="sat_imu.test_SAT_IMU_002.TestGravityReference" name="test_SAT_IMU_002_widget_az_matches_sensor" file="sat_imu\test_SAT_IMU_002.py" line="244" time="10.031"><system-out>--------------------------------- Captured Log ---------------------------------

--------------------------------- Captured Out ---------------------------------

  [SAT-002] sensor accZ = 1.0002 g  widget az = 1.0002 g  delta = 0.00001 g

</system-out><system-err>--------------------------------- Captured Err ---------------------------------

</system-err></testcase><testcase classname="sat_imu.test_SAT_IMU_005.TestFaultTolerance" name="test_SAT_IMU_005_B_unhealthy_link_flagged_during_injection" file="sat_imu\test_SAT_IMU_005.py" line="149" time="3.143"><failure message="AssertionError: link_healthy never went False during fault injection. FAIL_THRESHOLD may not be triggering, or set_poll_interval_ms(0) is not generating enough parse failures.&#10;assert False">self = &lt;test_SAT_IMU_005.TestFaultTolerance object at 0x0000021886ED7530&gt;
drone_link = &lt;DroneBackend.DroneLink object at 0x0000021886F90730&gt;

    def test_SAT_IMU_005_B_unhealthy_link_flagged_during_injection(self, drone_link):
        """link_healthy must flip False during sustained fault injection.
    
        Confirms FAIL_THRESHOLD logic: after 5 consecutive parseIMU()
        failures the worker marks the link unhealthy.
        """
        drone_link.set_poll_interval_ms(0)
    
        unhealthy_seen = False
        deadline = time.monotonic() + INJECT_DURATION_S + 1.0
        try:
            while time.monotonic() &lt; deadline:
                if not drone_link.get_latest_state().link_healthy:
                    unhealthy_seen = True
                    break
                time.sleep(0.05)
        finally:
            drone_link.set_poll_interval_ms(NORMAL_INTERVAL_MS)
    
        print(f"\n  link_healthy went False during injection: {unhealthy_seen}")
&gt;       assert unhealthy_seen, (
            "link_healthy never went False during fault injection. "
            "FAIL_THRESHOLD may not be triggering, or set_poll_interval_ms(0) "
            "is not generating enough parse failures."
        )
E       AssertionError: link_healthy never went False during fault injection. FAIL_THRESHOLD may not be triggering, or set_poll_interval_ms(0) is not generating enough parse failures.
E       assert False

sat_imu\test_SAT_IMU_005.py:170: AssertionError</failure><system-out>--------------------------------- Captured Log ---------------------------------

--------------------------------- Captured Out ---------------------------------

  link_healthy went False during injection: False

[SAT conftest] Disconnected

</system-out><system-err>--------------------------------- Captured Err ---------------------------------

</system-err></testcase></testsuite></testsuites>