<?xml version="1.0" encoding="utf-8"?><testsuites name="pytest tests"><testsuite name="pytest" errors="0" failures="6" skipped="0" tests="48" time="90.263" timestamp="2026-05-19T15:46:35.530113+02:00" hostname="TheSilent"><testcase classname="it_tests.test_IT_IMU_001.TestLiveDataContinuity" name="test_IT_IMU_001_imu_fields_nonzero" file="it_tests\test_IT_IMU_001.py" line="43" time="6.080"><system-out>--------------------------------- Captured Log ---------------------------------

--------------------------------- Captured Out ---------------------------------

[conftest] Connected on COM4 — waiting 1 s for telemetry to stabilise

  snapshots collected : 921
  all-zero snapshots  : 0

</system-out><system-err>--------------------------------- Captured Err ---------------------------------

</system-err></testcase><testcase classname="it_tests.test_IT_IMU_001.TestLiveDataContinuity" name="test_IT_IMU_001_packet_rate" file="it_tests\test_IT_IMU_001.py" line="27" time="5.003"><failure message="AssertionError: Packet rate too low: 17 packets in 5.0 s (need ≥ 250)&#10;assert 17 &gt;= 250&#10; +  where 250 = &lt;test_IT_IMU_001.TestLiveDataContinuity object at 0x0000018B2A931950&gt;.MIN_PACKET_DELTA">self = &lt;test_IT_IMU_001.TestLiveDataContinuity object at 0x0000018B2A931950&gt;
drone_link = &lt;DroneBackend.DroneLink object at 0x0000018B28F035B0&gt;

    def test_IT_IMU_001_packet_rate(self, drone_link):
        """packet_count must increase by ≥ 250 over 5 s (≥ 50 Hz)."""
        s0 = drone_link.get_latest_state()
        start_count = s0.packet_count
    
        time.sleep(self.SAMPLE_DURATION_S)
    
        s1 = drone_link.get_latest_state()
        delta = s1.packet_count - start_count
    
        print(f"\n  packet delta = {delta}  (need ≥ {self.MIN_PACKET_DELTA})")
&gt;       assert delta &gt;= self.MIN_PACKET_DELTA, (
            f"Packet rate too low: {delta} packets in {self.SAMPLE_DURATION_S} s "
            f"(need ≥ {self.MIN_PACKET_DELTA})"
        )
E       AssertionError: Packet rate too low: 17 packets in 5.0 s (need ≥ 250)
E       assert 17 &gt;= 250
E        +  where 250 = &lt;test_IT_IMU_001.TestLiveDataContinuity object at 0x0000018B2A931950&gt;.MIN_PACKET_DELTA

it_tests\test_IT_IMU_001.py:39: AssertionError</failure><system-out>--------------------------------- Captured Log ---------------------------------

--------------------------------- Captured Out ---------------------------------

  packet delta = 17  (need ≥ 250)

</system-out><system-err>--------------------------------- Captured Err ---------------------------------

</system-err></testcase><testcase classname="it_tests.test_IT_IMU_001.TestLiveDataContinuity" name="test_IT_IMU_001_rtt_under_50ms" file="it_tests\test_IT_IMU_001.py" line="64" time="5.002"><system-out>--------------------------------- Captured Log ---------------------------------

--------------------------------- Captured Out ---------------------------------

  RTT samples : 915
  RTT &lt; 50 ms : 100.0%  (need ≥ 95.0%)
  RTT min/max : 4.32 / 32.10 ms

</system-out><system-err>--------------------------------- Captured Err ---------------------------------

</system-err></testcase><testcase classname="it_tests.test_IT_IMU_002.TestScaleValidation" name="test_IT_IMU_002_accel_z_mean" file="it_tests\test_IT_IMU_002.py" line="33" time="5.019"><failure message="AssertionError: accZ mean = 0.2502 g — outside [0.95, 1.05] g. Is the FC flat and level?&#10;assert 0.95 &lt;= 0.2502113149947479&#10; +  where 0.95 = &lt;test_IT_IMU_002.TestScaleValidation object at 0x0000018B2A933250&gt;.MEAN_LOW">self = &lt;test_IT_IMU_002.TestScaleValidation object at 0x0000018B2A933250&gt;
imu_sensor = &lt;DroneBackend.IMUSensor object at 0x0000018B28E8B5F0&gt;

    def test_IT_IMU_002_accel_z_mean(self, imu_sensor):
        """mean(accZ) must be in [0.95, 1.05] g with FC flat and level."""
        samples = self._collect_az(imu_sensor)
        mean = statistics.mean(samples)
    
        print(f"\n  samples     : {len(samples)}")
        print(f"  accZ mean   : {mean:.4f} g  (need {self.MEAN_LOW} – {self.MEAN_HIGH})")
&gt;       assert self.MEAN_LOW &lt;= mean &lt;= self.MEAN_HIGH, (
            f"accZ mean = {mean:.4f} g — outside [0.95, 1.05] g. "
            "Is the FC flat and level?"
        )
E       AssertionError: accZ mean = 0.2502 g — outside [0.95, 1.05] g. Is the FC flat and level?
E       assert 0.95 &lt;= 0.2502113149947479
E        +  where 0.95 = &lt;test_IT_IMU_002.TestScaleValidation object at 0x0000018B2A933250&gt;.MEAN_LOW

it_tests\test_IT_IMU_002.py:41: AssertionError</failure><system-out>--------------------------------- Captured Log ---------------------------------

--------------------------------- Captured Out ---------------------------------

  samples     : 476
  accZ mean   : 0.2502 g  (need 0.95 – 1.05)

</system-out><system-err>--------------------------------- Captured Err ---------------------------------

</system-err></testcase><testcase classname="it_tests.test_IT_IMU_002.TestScaleValidation" name="test_IT_IMU_002_accel_z_stdev" file="it_tests\test_IT_IMU_002.py" line="45" time="5.008"><system-out>--------------------------------- Captured Log ---------------------------------

--------------------------------- Captured Out ---------------------------------

  samples     : 475
  accZ stdev  : 0.0003 g  (need &lt; 0.01)

</system-out><system-err>--------------------------------- Captured Err ---------------------------------

</system-err></testcase><testcase classname="it_tests.test_IT_IMU_002.TestScaleValidation" name="test_IT_IMU_002_sample_count" file="it_tests\test_IT_IMU_002.py" line="57" time="5.010"><system-out>--------------------------------- Captured Log ---------------------------------

--------------------------------- Captured Out ---------------------------------

  samples collected : 476  (need ≥ 400)

</system-out><system-err>--------------------------------- Captured Err ---------------------------------

</system-err></testcase><testcase classname="it_tests.test_IT_IMU_003.TestEndToEndLatency" name="test_IT_IMU_003_latency_summary" file="it_tests\test_IT_IMU_003.py" line="97" time="12.092"><system-out>--------------------------------- Captured Log ---------------------------------

--------------------------------- Captured Out ---------------------------------

  Percentile         ms
  ----------------------
  P50             23.34 ✓
  P75             30.80
  P90             31.46
  P95             31.81 ✓
  P99             32.05
  min              4.80
  max             33.96

</system-out><system-err>--------------------------------- Captured Err ---------------------------------

</system-err></testcase><testcase classname="it_tests.test_IT_IMU_003.TestEndToEndLatency" name="test_IT_IMU_003_p50_under_30ms" file="it_tests\test_IT_IMU_003.py" line="86" time="11.935"><system-out>--------------------------------- Captured Log ---------------------------------

--------------------------------- Captured Out ---------------------------------

  samples : 1000
  P50     : 20.46 ms  (need &lt; 30.0)

</system-out><system-err>--------------------------------- Captured Err ---------------------------------

</system-err></testcase><testcase classname="it_tests.test_IT_IMU_003.TestEndToEndLatency" name="test_IT_IMU_003_p95_under_200ms" file="it_tests\test_IT_IMU_003.py" line="75" time="11.996"><system-out>--------------------------------- Captured Log ---------------------------------

--------------------------------- Captured Out ---------------------------------

  samples : 1000
  P95     : 31.46 ms  (need &lt; 200.0)

</system-out><system-err>--------------------------------- Captured Err ---------------------------------

</system-err></testcase><testcase classname="it_tests.test_IT_IMU_004.TestCorruptFrameRecovery" name="test_IT_IMU_004_dronestate_unchanged_on_bad_frame" file="it_tests\test_IT_IMU_004.py" line="126" time="0.001"><failure message="AttributeError: 'TestCorruptFrameRecovery' object has no attribute 'INJECT_DURATION_S'">self = &lt;test_IT_IMU_004.TestCorruptFrameRecovery object at 0x0000018B2AA93A80&gt;
drone_link = &lt;DroneBackend.DroneLink object at 0x0000018B28F035B0&gt;

    def test_IT_IMU_004_dronestate_unchanged_on_bad_frame(self, drone_link):
        """IMU fields must not be corrupted to impossible values during injection.
    
        SRS-IMU-008 states DroneState is left unchanged on a rejected frame.
        The equivalent integration check is that ax/ay/az/gx/gy/gz never
        contain values outside the int16 physical range during fault injection.
        """
        INT16_MIN = -32768
        INT16_MAX =  32767
        violations = []
    
        drone_link.set_poll_interval_ms(0)
        t0 = time.monotonic()
        try:
&gt;           while time.monotonic() - t0 &lt; self.INJECT_DURATION_S:
                                          ^^^^^^^^^^^^^^^^^^^^^^
E           AttributeError: 'TestCorruptFrameRecovery' object has no attribute 'INJECT_DURATION_S'

it_tests\test_IT_IMU_004.py:141: AttributeError</failure><system-out>--------------------------------- Captured Log ---------------------------------

--------------------------------- Captured Out ---------------------------------

</system-out><system-err>--------------------------------- Captured Err ---------------------------------

</system-err></testcase><testcase classname="it_tests.test_IT_IMU_004.TestCorruptFrameRecovery" name="test_IT_IMU_004_link_recovers_after_injection" file="it_tests\test_IT_IMU_004.py" line="73" time="0.000"><failure message="AttributeError: 'TestCorruptFrameRecovery' object has no attribute 'INJECT_DURATION_S'">self = &lt;test_IT_IMU_004.TestCorruptFrameRecovery object at 0x0000018B2AAA9810&gt;
drone_link = &lt;DroneBackend.DroneLink object at 0x0000018B28F035B0&gt;

    def test_IT_IMU_004_link_recovers_after_injection(self, drone_link):
        """link_healthy must return True within 1 s of restoring normal polling."""
        # Inject faults
        drone_link.set_poll_interval_ms(0)
&gt;       time.sleep(self.INJECT_DURATION_S)
                   ^^^^^^^^^^^^^^^^^^^^^^
E       AttributeError: 'TestCorruptFrameRecovery' object has no attribute 'INJECT_DURATION_S'

it_tests\test_IT_IMU_004.py:78: AttributeError</failure><system-out>--------------------------------- Captured Log ---------------------------------

--------------------------------- Captured Out ---------------------------------

</system-out><system-err>--------------------------------- Captured Err ---------------------------------

</system-err></testcase><testcase classname="it_tests.test_IT_IMU_004.TestCorruptFrameRecovery" name="test_IT_IMU_004_no_crash_during_injection" file="it_tests\test_IT_IMU_004.py" line="57" time="0.000"><failure message="Failed: Exception during fault injection: 'TestCorruptFrameRecovery' object has no attribute 'INJECT_DURATION_S'">self = &lt;test_IT_IMU_004.TestCorruptFrameRecovery object at 0x0000018B2AAA96D0&gt;
drone_link = &lt;DroneBackend.DroneLink object at 0x0000018B28F035B0&gt;

    def test_IT_IMU_004_no_crash_during_injection(self, drone_link):
        """DroneLink must not raise an exception during stressed polling."""
        # Stress the poll loop — set_poll_interval_ms(0) spins the loop at
        # maximum rate so sendMSP() timeouts (80 ms) trigger frequently,
        # producing empty frame returns that parseIMU() rejects.
        try:
            drone_link.set_poll_interval_ms(0)
&gt;           time.sleep(self.INJECT_DURATION_S)
                       ^^^^^^^^^^^^^^^^^^^^^^
E           AttributeError: 'TestCorruptFrameRecovery' object has no attribute 'INJECT_DURATION_S'

it_tests\test_IT_IMU_004.py:65: AttributeError

During handling of the above exception, another exception occurred:

self = &lt;test_IT_IMU_004.TestCorruptFrameRecovery object at 0x0000018B2AAA96D0&gt;
drone_link = &lt;DroneBackend.DroneLink object at 0x0000018B28F035B0&gt;

    def test_IT_IMU_004_no_crash_during_injection(self, drone_link):
        """DroneLink must not raise an exception during stressed polling."""
        # Stress the poll loop — set_poll_interval_ms(0) spins the loop at
        # maximum rate so sendMSP() timeouts (80 ms) trigger frequently,
        # producing empty frame returns that parseIMU() rejects.
        try:
            drone_link.set_poll_interval_ms(0)
            time.sleep(self.INJECT_DURATION_S)
        except Exception as exc:
&gt;           pytest.fail(f"Exception during fault injection: {exc}")
E           Failed: Exception during fault injection: 'TestCorruptFrameRecovery' object has no attribute 'INJECT_DURATION_S'

it_tests\test_IT_IMU_004.py:67: Failed</failure><system-out>--------------------------------- Captured Log ---------------------------------

--------------------------------- Captured Out ---------------------------------

</system-out><system-err>--------------------------------- Captured Err ---------------------------------

</system-err></testcase><testcase classname="it_tests.test_IT_IMU_004.TestCorruptFrameRecovery" name="test_IT_IMU_004_packet_count_continues" file="it_tests\test_IT_IMU_004.py" line="96" time="0.001"><failure message="AttributeError: 'TestCorruptFrameRecovery' object has no attribute 'INJECT_DURATION_S'">self = &lt;test_IT_IMU_004.TestCorruptFrameRecovery object at 0x0000018B2AA92650&gt;
drone_link = &lt;DroneBackend.DroneLink object at 0x0000018B28F035B0&gt;

    def test_IT_IMU_004_packet_count_continues(self, drone_link):
        """packet_count must keep incrementing after recovery — no thread hang."""
        # Inject, recover, then confirm packets keep flowing
        drone_link.set_poll_interval_ms(0)
&gt;       time.sleep(self.INJECT_DURATION_S)
                   ^^^^^^^^^^^^^^^^^^^^^^
E       AttributeError: 'TestCorruptFrameRecovery' object has no attribute 'INJECT_DURATION_S'

it_tests\test_IT_IMU_004.py:101: AttributeError</failure><system-out>--------------------------------- Captured Log ---------------------------------

--------------------------------- Captured Out ---------------------------------

</system-out><system-err>--------------------------------- Captured Err ---------------------------------

</system-err></testcase><testcase classname="TestScripts.test_imu_widget" name="test_accel_scale" file="TestScripts\test_imu_widget.py" line="358" time="0.664"><system-out>--------------------------------- Captured Log ---------------------------------

--------------------------------- Captured Out ---------------------------------

</system-out><system-err>--------------------------------- Captured Err ---------------------------------

</system-err></testcase><testcase classname="TestScripts.test_imu_widget" name="test_flash_ms" file="TestScripts\test_imu_widget.py" line="378" time="0.604"><system-out>--------------------------------- Captured Log ---------------------------------

--------------------------------- Captured Out ---------------------------------

</system-out><system-err>--------------------------------- Captured Err ---------------------------------

</system-err></testcase><testcase classname="TestScripts.test_imu_widget" name="test_gyro_crit_dps" file="TestScripts\test_imu_widget.py" line="366" time="0.601"><system-out>--------------------------------- Captured Log ---------------------------------

--------------------------------- Captured Out ---------------------------------

</system-out><system-err>--------------------------------- Captured Err ---------------------------------

</system-err></testcase><testcase classname="TestScripts.test_imu_widget" name="test_gyro_scale" file="TestScripts\test_imu_widget.py" line="354" time="0.606"><system-out>--------------------------------- Captured Log ---------------------------------

--------------------------------- Captured Out ---------------------------------

</system-out><system-err>--------------------------------- Captured Err ---------------------------------

</system-err></testcase><testcase classname="TestScripts.test_imu_widget" name="test_gyro_warn_dps" file="TestScripts\test_imu_widget.py" line="362" time="0.606"><system-out>--------------------------------- Captured Log ---------------------------------

--------------------------------- Captured Out ---------------------------------

</system-out><system-err>--------------------------------- Captured Err ---------------------------------

</system-err></testcase><testcase classname="TestScripts.test_imu_widget" name="test_hold_crit_sec" file="TestScripts\test_imu_widget.py" line="374" time="0.603"><system-out>--------------------------------- Captured Log ---------------------------------

--------------------------------- Captured Out ---------------------------------

</system-out><system-err>--------------------------------- Captured Err ---------------------------------

</system-err></testcase><testcase classname="TestScripts.test_imu_widget" name="test_hold_warn_sec" file="TestScripts\test_imu_widget.py" line="370" time="0.604"><system-out>--------------------------------- Captured Log ---------------------------------

--------------------------------- Captured Out ---------------------------------

</system-out><system-err>--------------------------------- Captured Err ---------------------------------

</system-err></testcase><testcase classname="TestScripts.test_imu_widget.TestCritState" name="test_UT_ALERT_003_after_expiry_safe_band_is_safe" file="TestScripts\test_imu_widget.py" line="267" time="0.605"><system-out>--------------------------------- Captured Log ---------------------------------

--------------------------------- Captured Out ---------------------------------

</system-out><system-err>--------------------------------- Captured Err ---------------------------------

</system-err></testcase><testcase classname="TestScripts.test_imu_widget.TestCritState" name="test_UT_ALERT_003_after_expiry_warn_band_is_warn" file="TestScripts\test_imu_widget.py" line="260" time="0.605"><system-out>--------------------------------- Captured Log ---------------------------------

--------------------------------- Captured Out ---------------------------------

</system-out><system-err>--------------------------------- Captured Err ---------------------------------

</system-err></testcase><testcase classname="TestScripts.test_imu_widget.TestCritState" name="test_UT_ALERT_003_crit_overrides_warn" file="TestScripts\test_imu_widget.py" line="243" time="0.605"><system-out>--------------------------------- Captured Log ---------------------------------

--------------------------------- Captured Out ---------------------------------

</system-out><system-err>--------------------------------- Captured Err ---------------------------------

</system-err></testcase><testcase classname="TestScripts.test_imu_widget.TestCritState" name="test_UT_ALERT_003_entry_above_100dps" file="TestScripts\test_imu_widget.py" line="220" time="0.607"><system-out>--------------------------------- Captured Log ---------------------------------

--------------------------------- Captured Out ---------------------------------

</system-out><system-err>--------------------------------- Captured Err ---------------------------------

</system-err></testcase><testcase classname="TestScripts.test_imu_widget.TestCritState" name="test_UT_ALERT_003_entry_at_100dps" file="TestScripts\test_imu_widget.py" line="216" time="0.606"><system-out>--------------------------------- Captured Log ---------------------------------

--------------------------------- Captured Out ---------------------------------

</system-out><system-err>--------------------------------- Captured Err ---------------------------------

</system-err></testcase><testcase classname="TestScripts.test_imu_widget.TestCritState" name="test_UT_ALERT_003_four_sample_sequence" file="TestScripts\test_imu_widget.py" line="224" time="0.604"><system-out>--------------------------------- Captured Log ---------------------------------

--------------------------------- Captured Out ---------------------------------

</system-out><system-err>--------------------------------- Captured Err ---------------------------------

</system-err></testcase><testcase classname="TestScripts.test_imu_widget.TestCritState" name="test_UT_ALERT_003_hold_refreshed_during_crit" file="TestScripts\test_imu_widget.py" line="251" time="0.606"><system-out>--------------------------------- Captured Log ---------------------------------

--------------------------------- Captured Out ---------------------------------

</system-out><system-err>--------------------------------- Captured Err ---------------------------------

</system-err></testcase><testcase classname="TestScripts.test_imu_widget.TestCritState" name="test_UT_ALERT_003_hold_timer_set_to_4s" file="TestScripts\test_imu_widget.py" line="236" time="0.608"><system-out>--------------------------------- Captured Log ---------------------------------

--------------------------------- Captured Out ---------------------------------

</system-out><system-err>--------------------------------- Captured Err ---------------------------------

</system-err></testcase><testcase classname="TestScripts.test_imu_widget.TestFlashTicker" name="test_UT_ALERT_004_flash_ms_constant" file="TestScripts\test_imu_widget.py" line="282" time="0.608"><system-out>--------------------------------- Captured Log ---------------------------------

--------------------------------- Captured Out ---------------------------------

</system-out><system-err>--------------------------------- Captured Err ---------------------------------

</system-err></testcase><testcase classname="TestScripts.test_imu_widget.TestFlashTicker" name="test_UT_ALERT_004_partial_unregister_keeps_ticker" file="TestScripts\test_imu_widget.py" line="329" time="1.314"><system-out>--------------------------------- Captured Log ---------------------------------

--------------------------------- Captured Out ---------------------------------

</system-out><system-err>--------------------------------- Captured Err ---------------------------------

</system-err></testcase><testcase classname="TestScripts.test_imu_widget.TestFlashTicker" name="test_UT_ALERT_004_registry_tracks_labels" file="TestScripts\test_imu_widget.py" line="306" time="0.607"><system-out>--------------------------------- Captured Log ---------------------------------

--------------------------------- Captured Out ---------------------------------

</system-out><system-err>--------------------------------- Captured Err ---------------------------------

</system-err></testcase><testcase classname="TestScripts.test_imu_widget.TestFlashTicker" name="test_UT_ALERT_004_ticker_not_duplicated" file="TestScripts\test_imu_widget.py" line="294" time="0.607"><system-out>--------------------------------- Captured Log ---------------------------------

--------------------------------- Captured Out ---------------------------------

</system-out><system-err>--------------------------------- Captured Err ---------------------------------

</system-err></testcase><testcase classname="TestScripts.test_imu_widget.TestFlashTicker" name="test_UT_ALERT_004_ticker_starts_on_register" file="TestScripts\test_imu_widget.py" line="286" time="0.606"><system-out>--------------------------------- Captured Log ---------------------------------

--------------------------------- Captured Out ---------------------------------

</system-out><system-err>--------------------------------- Captured Err ---------------------------------

</system-err></testcase><testcase classname="TestScripts.test_imu_widget.TestFlashTicker" name="test_UT_ALERT_004_ticker_stops_after_last_unregister" file="TestScripts\test_imu_widget.py" line="314" time="1.310"><system-out>--------------------------------- Captured Log ---------------------------------

--------------------------------- Captured Out ---------------------------------

</system-out><system-err>--------------------------------- Captured Err ---------------------------------

</system-err></testcase><testcase classname="TestScripts.test_imu_widget.TestSafeState" name="test_UT_ALERT_001_all_axes_independent" file="TestScripts\test_imu_widget.py" line="147" time="0.613"><system-out>--------------------------------- Captured Log ---------------------------------

--------------------------------- Captured Out ---------------------------------

</system-out><system-err>--------------------------------- Captured Err ---------------------------------

</system-err></testcase><testcase classname="TestScripts.test_imu_widget.TestSafeState" name="test_UT_ALERT_001_below_warn_threshold" file="TestScripts\test_imu_widget.py" line="124" time="0.613"><system-out>--------------------------------- Captured Log ---------------------------------

--------------------------------- Captured Out ---------------------------------

</system-out><system-err>--------------------------------- Captured Err ---------------------------------

</system-err></testcase><testcase classname="TestScripts.test_imu_widget.TestSafeState" name="test_UT_ALERT_001_boundary_just_below" file="TestScripts\test_imu_widget.py" line="137" time="0.606"><system-out>--------------------------------- Captured Log ---------------------------------

--------------------------------- Captured Out ---------------------------------

</system-out><system-err>--------------------------------- Captured Err ---------------------------------

</system-err></testcase><testcase classname="TestScripts.test_imu_widget.TestSafeState" name="test_UT_ALERT_001_hold_until_zero_after_safe" file="TestScripts\test_imu_widget.py" line="141" time="0.604"><system-out>--------------------------------- Captured Log ---------------------------------

--------------------------------- Captured Out ---------------------------------

</system-out><system-err>--------------------------------- Captured Err ---------------------------------

</system-err></testcase><testcase classname="TestScripts.test_imu_widget.TestSafeState" name="test_UT_ALERT_001_small_positive_rate" file="TestScripts\test_imu_widget.py" line="133" time="0.606"><system-out>--------------------------------- Captured Log ---------------------------------

--------------------------------- Captured Out ---------------------------------

</system-out><system-err>--------------------------------- Captured Err ---------------------------------

</system-err></testcase><testcase classname="TestScripts.test_imu_widget.TestSafeState" name="test_UT_ALERT_001_zero_rate_is_safe" file="TestScripts\test_imu_widget.py" line="129" time="0.607"><system-out>--------------------------------- Captured Log ---------------------------------

--------------------------------- Captured Out ---------------------------------

</system-out><system-err>--------------------------------- Captured Err ---------------------------------

</system-err></testcase><testcase classname="TestScripts.test_imu_widget.TestWarnState" name="test_UT_ALERT_002_axes_independent" file="TestScripts\test_imu_widget.py" line="202" time="0.607"><system-out>--------------------------------- Captured Log ---------------------------------

--------------------------------- Captured Out ---------------------------------

</system-out><system-err>--------------------------------- Captured Err ---------------------------------

</system-err></testcase><testcase classname="TestScripts.test_imu_widget.TestWarnState" name="test_UT_ALERT_002_entry_at_30dps" file="TestScripts\test_imu_widget.py" line="162" time="0.604"><system-out>--------------------------------- Captured Log ---------------------------------

--------------------------------- Captured Out ---------------------------------

</system-out><system-err>--------------------------------- Captured Err ---------------------------------

</system-err></testcase><testcase classname="TestScripts.test_imu_widget.TestWarnState" name="test_UT_ALERT_002_entry_at_50dps" file="TestScripts\test_imu_widget.py" line="167" time="0.607"><system-out>--------------------------------- Captured Log ---------------------------------

--------------------------------- Captured Out ---------------------------------

</system-out><system-err>--------------------------------- Captured Err ---------------------------------

</system-err></testcase><testcase classname="TestScripts.test_imu_widget.TestWarnState" name="test_UT_ALERT_002_entry_at_99p9dps" file="TestScripts\test_imu_widget.py" line="171" time="0.604"><system-out>--------------------------------- Captured Log ---------------------------------

--------------------------------- Captured Out ---------------------------------

</system-out><system-err>--------------------------------- Captured Err ---------------------------------

</system-err></testcase><testcase classname="TestScripts.test_imu_widget.TestWarnState" name="test_UT_ALERT_002_hold_active_at_0p5s" file="TestScripts\test_imu_widget.py" line="175" time="0.605"><system-out>--------------------------------- Captured Log ---------------------------------

--------------------------------- Captured Out ---------------------------------

</system-out><system-err>--------------------------------- Captured Err ---------------------------------

</system-err></testcase><testcase classname="TestScripts.test_imu_widget.TestWarnState" name="test_UT_ALERT_002_hold_active_at_1p9s" file="TestScripts\test_imu_widget.py" line="181" time="0.610"><system-out>--------------------------------- Captured Log ---------------------------------

--------------------------------- Captured Out ---------------------------------

</system-out><system-err>--------------------------------- Captured Err ---------------------------------

</system-err></testcase><testcase classname="TestScripts.test_imu_widget.TestWarnState" name="test_UT_ALERT_002_hold_expires_at_2p1s" file="TestScripts\test_imu_widget.py" line="187" time="0.604"><system-out>--------------------------------- Captured Log ---------------------------------

--------------------------------- Captured Out ---------------------------------

</system-out><system-err>--------------------------------- Captured Err ---------------------------------

</system-err></testcase><testcase classname="TestScripts.test_imu_widget.TestWarnState" name="test_UT_ALERT_002_hold_timer_value" file="TestScripts\test_imu_widget.py" line="193" time="0.857"><system-out>--------------------------------- Captured Log ---------------------------------

--------------------------------- Captured Out ---------------------------------

[conftest] Disconnected

</system-out><system-err>--------------------------------- Captured Err ---------------------------------

</system-err></testcase></testsuite></testsuites>