<?xml version="1.0" encoding="utf-8"?><testsuites name="pytest tests"><testsuite name="pytest" errors="0" failures="1" skipped="0" tests="48" time="101.224" timestamp="2026-05-19T21:23:21.424816+02:00" hostname="TheSilent"><testcase classname="it_tests.test_IT_IMU_001.TestLiveDataContinuity" name="test_IT_IMU_001_imu_fields_nonzero" file="it_tests\test_IT_IMU_001.py" line="87" time="6.075"><system-out>--------------------------------- Captured Log ---------------------------------

--------------------------------- Captured Out ---------------------------------

[conftest] Connected on COM4 — waiting 1 s for telemetry to stabilise

  snapshots collected : 100
  all-zero snapshots  : 0

</system-out><system-err>--------------------------------- Captured Err ---------------------------------

</system-err></testcase><testcase classname="it_tests.test_IT_IMU_001.TestLiveDataContinuity" name="test_IT_IMU_001_packet_rate" file="it_tests\test_IT_IMU_001.py" line="59" time="5.002"><system-out>--------------------------------- Captured Log ---------------------------------

--------------------------------- Captured Out ---------------------------------

  packet delta   = 16  (need ≥ 15)
  effective rate = 3.20 Hz
  note: 57 600 baud + 12 sequential polls → ceiling ~24 Hz

</system-out><system-err>--------------------------------- Captured Err ---------------------------------

</system-err></testcase><testcase classname="it_tests.test_IT_IMU_001.TestLiveDataContinuity" name="test_IT_IMU_001_rtt_under_50ms" file="it_tests\test_IT_IMU_001.py" line="122" time="5.002"><system-out>--------------------------------- Captured Log ---------------------------------

--------------------------------- Captured Out ---------------------------------

  RTT samples collected : 99
  RTT &lt; 50 ms           : 100.0%  (need ≥ 95.0%)
  RTT min / mean / max  : 1.02 / 14.85 / 31.95 ms

</system-out><system-err>--------------------------------- Captured Err ---------------------------------

</system-err></testcase><testcase classname="it_tests.test_IT_IMU_002.TestScaleValidation" name="test_IT_IMU_002_accel_z_mean" file="it_tests\test_IT_IMU_002.py" line="33" time="5.002"><system-out>--------------------------------- Captured Log ---------------------------------

--------------------------------- Captured Out ---------------------------------

  samples     : 475
  accZ mean   : 0.9995 g  (need 0.95 – 1.05)

</system-out><system-err>--------------------------------- Captured Err ---------------------------------

</system-err></testcase><testcase classname="it_tests.test_IT_IMU_002.TestScaleValidation" name="test_IT_IMU_002_accel_z_stdev" file="it_tests\test_IT_IMU_002.py" line="45" time="5.010"><system-out>--------------------------------- Captured Log ---------------------------------

--------------------------------- Captured Out ---------------------------------

  samples     : 475
  accZ stdev  : 0.0012 g  (need &lt; 0.01)

</system-out><system-err>--------------------------------- Captured Err ---------------------------------

</system-err></testcase><testcase classname="it_tests.test_IT_IMU_002.TestScaleValidation" name="test_IT_IMU_002_sample_count" file="it_tests\test_IT_IMU_002.py" line="57" time="5.007"><system-out>--------------------------------- Captured Log ---------------------------------

--------------------------------- Captured Out ---------------------------------

  samples collected : 475  (need ≥ 400)

</system-out><system-err>--------------------------------- Captured Err ---------------------------------

</system-err></testcase><testcase classname="it_tests.test_IT_IMU_003.TestEndToEndLatency" name="test_IT_IMU_003_latency_summary" file="it_tests\test_IT_IMU_003.py" line="97" time="12.123"><system-out>--------------------------------- Captured Log ---------------------------------

--------------------------------- Captured Out ---------------------------------

  Percentile         ms
  ----------------------
  P50             21.57 ✓
  P75             30.97
  P90             31.92
  P95             32.19 ✓
  P99             32.53
  min              5.56
  max             32.85

</system-out><system-err>--------------------------------- Captured Err ---------------------------------

</system-err></testcase><testcase classname="it_tests.test_IT_IMU_003.TestEndToEndLatency" name="test_IT_IMU_003_p50_under_30ms" file="it_tests\test_IT_IMU_003.py" line="86" time="12.015"><system-out>--------------------------------- Captured Log ---------------------------------

--------------------------------- Captured Out ---------------------------------

  samples : 1000
  P50     : 14.83 ms  (need &lt; 30.0)

</system-out><system-err>--------------------------------- Captured Err ---------------------------------

</system-err></testcase><testcase classname="it_tests.test_IT_IMU_003.TestEndToEndLatency" name="test_IT_IMU_003_p95_under_200ms" file="it_tests\test_IT_IMU_003.py" line="75" time="12.011"><system-out>--------------------------------- Captured Log ---------------------------------

--------------------------------- Captured Out ---------------------------------

  samples : 1000
  P95     : 31.87 ms  (need &lt; 200.0)

</system-out><system-err>--------------------------------- Captured Err ---------------------------------

</system-err></testcase><testcase classname="it_tests.test_IT_IMU_004.TestCorruptFrameRecovery" name="test_IT_IMU_004_dronestate_unchanged_on_bad_frame" file="it_tests\test_IT_IMU_004.py" line="134" time="2.005"><system-out>--------------------------------- Captured Log ---------------------------------

--------------------------------- Captured Out ---------------------------------

  out-of-range violations : 0

</system-out><system-err>--------------------------------- Captured Err ---------------------------------

</system-err></testcase><testcase classname="it_tests.test_IT_IMU_004.TestCorruptFrameRecovery" name="test_IT_IMU_004_link_recovers_after_injection" file="it_tests\test_IT_IMU_004.py" line="81" time="2.001"><system-out>--------------------------------- Captured Log ---------------------------------

--------------------------------- Captured Out ---------------------------------

  link_healthy recovered : True

</system-out><system-err>--------------------------------- Captured Err ---------------------------------

</system-err></testcase><testcase classname="it_tests.test_IT_IMU_004.TestCorruptFrameRecovery" name="test_IT_IMU_004_no_crash_during_injection" file="it_tests\test_IT_IMU_004.py" line="65" time="2.001"><system-out>--------------------------------- Captured Log ---------------------------------

--------------------------------- Captured Out ---------------------------------

</system-out><system-err>--------------------------------- Captured Err ---------------------------------

</system-err></testcase><testcase classname="it_tests.test_IT_IMU_004.TestCorruptFrameRecovery" name="test_IT_IMU_004_packet_count_continues" file="it_tests\test_IT_IMU_004.py" line="104" time="5.014"><failure message="AssertionError: Only 7 new packets in 2.0 s after recovery (need ≥ 80) — worker thread may have stalled&#10;assert 7 &gt;= 80">self = &lt;test_IT_IMU_004.TestCorruptFrameRecovery object at 0x0000021BD92E28B0&gt;
drone_link = &lt;DroneBackend.DroneLink object at 0x0000021BD77507B0&gt;

    def test_IT_IMU_004_packet_count_continues(self, drone_link):
        """packet_count must keep incrementing after recovery — no thread hang."""
        # Inject, recover, then confirm packets keep flowing
        drone_link.set_poll_interval_ms(0)
        time.sleep(self.INJECT_DURATION_S)
        drone_link.set_poll_interval_ms(self.NORMAL_INTERVAL_MS)
    
        # Wait for full recovery
        time.sleep(self.RECOVERY_WINDOW_S)
    
        s_before = drone_link.get_latest_state()
        count_before = s_before.packet_count
    
        time.sleep(self.MONITOR_DURATION_S)
    
        s_after = drone_link.get_latest_state()
        count_after = s_after.packet_count
    
        delta = count_after - count_before
        # At 50 Hz minimum over MONITOR_DURATION_S we expect ≥ 50 new packets
        min_expected = int(50 * self.MONITOR_DURATION_S * 0.8)   # 80% tolerance
    
        print(f"\n  packet_count before : {count_before}")
        print(f"  packet_count after  : {count_after}")
        print(f"  delta               : {delta}  (need ≥ {min_expected})")
&gt;       assert delta &gt;= min_expected, (
            f"Only {delta} new packets in {self.MONITOR_DURATION_S} s after recovery "
            f"(need ≥ {min_expected}) — worker thread may have stalled"
        )
E       AssertionError: Only 7 new packets in 2.0 s after recovery (need ≥ 80) — worker thread may have stalled
E       assert 7 &gt;= 80

it_tests\test_IT_IMU_004.py:130: AssertionError</failure><system-out>--------------------------------- Captured Log ---------------------------------

--------------------------------- Captured Out ---------------------------------

  packet_count before : 250
  packet_count after  : 257
  delta               : 7  (need ≥ 80)

</system-out><system-err>--------------------------------- Captured Err ---------------------------------

</system-err></testcase><testcase classname="TestScripts.test_imu_widget" name="test_accel_scale" file="TestScripts\test_imu_widget.py" line="358" time="0.662"><system-out>--------------------------------- Captured Log ---------------------------------

--------------------------------- Captured Out ---------------------------------

</system-out><system-err>--------------------------------- Captured Err ---------------------------------

</system-err></testcase><testcase classname="TestScripts.test_imu_widget" name="test_flash_ms" file="TestScripts\test_imu_widget.py" line="378" time="0.601"><system-out>--------------------------------- Captured Log ---------------------------------

--------------------------------- Captured Out ---------------------------------

</system-out><system-err>--------------------------------- Captured Err ---------------------------------

</system-err></testcase><testcase classname="TestScripts.test_imu_widget" name="test_gyro_crit_dps" file="TestScripts\test_imu_widget.py" line="366" time="0.608"><system-out>--------------------------------- Captured Log ---------------------------------

--------------------------------- Captured Out ---------------------------------

</system-out><system-err>--------------------------------- Captured Err ---------------------------------

</system-err></testcase><testcase classname="TestScripts.test_imu_widget" name="test_gyro_scale" file="TestScripts\test_imu_widget.py" line="354" time="0.608"><system-out>--------------------------------- Captured Log ---------------------------------

--------------------------------- Captured Out ---------------------------------

</system-out><system-err>--------------------------------- Captured Err ---------------------------------

</system-err></testcase><testcase classname="TestScripts.test_imu_widget" name="test_gyro_warn_dps" file="TestScripts\test_imu_widget.py" line="362" time="0.601"><system-out>--------------------------------- Captured Log ---------------------------------

--------------------------------- Captured Out ---------------------------------

</system-out><system-err>--------------------------------- Captured Err ---------------------------------

</system-err></testcase><testcase classname="TestScripts.test_imu_widget" name="test_hold_crit_sec" file="TestScripts\test_imu_widget.py" line="374" time="0.611"><system-out>--------------------------------- Captured Log ---------------------------------

--------------------------------- Captured Out ---------------------------------

</system-out><system-err>--------------------------------- Captured Err ---------------------------------

</system-err></testcase><testcase classname="TestScripts.test_imu_widget" name="test_hold_warn_sec" file="TestScripts\test_imu_widget.py" line="370" time="0.603"><system-out>--------------------------------- Captured Log ---------------------------------

--------------------------------- Captured Out ---------------------------------

</system-out><system-err>--------------------------------- Captured Err ---------------------------------

</system-err></testcase><testcase classname="TestScripts.test_imu_widget.TestCritState" name="test_UT_ALERT_003_after_expiry_safe_band_is_safe" file="TestScripts\test_imu_widget.py" line="267" time="0.605"><system-out>--------------------------------- Captured Log ---------------------------------

--------------------------------- Captured Out ---------------------------------

</system-out><system-err>--------------------------------- Captured Err ---------------------------------

</system-err></testcase><testcase classname="TestScripts.test_imu_widget.TestCritState" name="test_UT_ALERT_003_after_expiry_warn_band_is_warn" file="TestScripts\test_imu_widget.py" line="260" time="0.604"><system-out>--------------------------------- Captured Log ---------------------------------

--------------------------------- Captured Out ---------------------------------

</system-out><system-err>--------------------------------- Captured Err ---------------------------------

</system-err></testcase><testcase classname="TestScripts.test_imu_widget.TestCritState" name="test_UT_ALERT_003_crit_overrides_warn" file="TestScripts\test_imu_widget.py" line="243" time="0.605"><system-out>--------------------------------- Captured Log ---------------------------------

--------------------------------- Captured Out ---------------------------------

</system-out><system-err>--------------------------------- Captured Err ---------------------------------

</system-err></testcase><testcase classname="TestScripts.test_imu_widget.TestCritState" name="test_UT_ALERT_003_entry_above_100dps" file="TestScripts\test_imu_widget.py" line="220" time="0.608"><system-out>--------------------------------- Captured Log ---------------------------------

--------------------------------- Captured Out ---------------------------------

</system-out><system-err>--------------------------------- Captured Err ---------------------------------

</system-err></testcase><testcase classname="TestScripts.test_imu_widget.TestCritState" name="test_UT_ALERT_003_entry_at_100dps" file="TestScripts\test_imu_widget.py" line="216" time="0.606"><system-out>--------------------------------- Captured Log ---------------------------------

--------------------------------- Captured Out ---------------------------------

</system-out><system-err>--------------------------------- Captured Err ---------------------------------

</system-err></testcase><testcase classname="TestScripts.test_imu_widget.TestCritState" name="test_UT_ALERT_003_four_sample_sequence" file="TestScripts\test_imu_widget.py" line="224" time="0.604"><system-out>--------------------------------- Captured Log ---------------------------------

--------------------------------- Captured Out ---------------------------------

</system-out><system-err>--------------------------------- Captured Err ---------------------------------

</system-err></testcase><testcase classname="TestScripts.test_imu_widget.TestCritState" name="test_UT_ALERT_003_hold_refreshed_during_crit" file="TestScripts\test_imu_widget.py" line="251" time="0.605"><system-out>--------------------------------- Captured Log ---------------------------------

--------------------------------- Captured Out ---------------------------------

</system-out><system-err>--------------------------------- Captured Err ---------------------------------

</system-err></testcase><testcase classname="TestScripts.test_imu_widget.TestCritState" name="test_UT_ALERT_003_hold_timer_set_to_4s" file="TestScripts\test_imu_widget.py" line="236" time="0.607"><system-out>--------------------------------- Captured Log ---------------------------------

--------------------------------- Captured Out ---------------------------------

</system-out><system-err>--------------------------------- Captured Err ---------------------------------

</system-err></testcase><testcase classname="TestScripts.test_imu_widget.TestFlashTicker" name="test_UT_ALERT_004_flash_ms_constant" file="TestScripts\test_imu_widget.py" line="282" time="0.604"><system-out>--------------------------------- Captured Log ---------------------------------

--------------------------------- Captured Out ---------------------------------

</system-out><system-err>--------------------------------- Captured Err ---------------------------------

</system-err></testcase><testcase classname="TestScripts.test_imu_widget.TestFlashTicker" name="test_UT_ALERT_004_partial_unregister_keeps_ticker" file="TestScripts\test_imu_widget.py" line="329" time="1.309"><system-out>--------------------------------- Captured Log ---------------------------------

--------------------------------- Captured Out ---------------------------------

</system-out><system-err>--------------------------------- Captured Err ---------------------------------

</system-err></testcase><testcase classname="TestScripts.test_imu_widget.TestFlashTicker" name="test_UT_ALERT_004_registry_tracks_labels" file="TestScripts\test_imu_widget.py" line="306" time="0.607"><system-out>--------------------------------- Captured Log ---------------------------------

--------------------------------- Captured Out ---------------------------------

</system-out><system-err>--------------------------------- Captured Err ---------------------------------

</system-err></testcase><testcase classname="TestScripts.test_imu_widget.TestFlashTicker" name="test_UT_ALERT_004_ticker_not_duplicated" file="TestScripts\test_imu_widget.py" line="294" time="0.606"><system-out>--------------------------------- Captured Log ---------------------------------

--------------------------------- Captured Out ---------------------------------

</system-out><system-err>--------------------------------- Captured Err ---------------------------------

</system-err></testcase><testcase classname="TestScripts.test_imu_widget.TestFlashTicker" name="test_UT_ALERT_004_ticker_starts_on_register" file="TestScripts\test_imu_widget.py" line="286" time="0.604"><system-out>--------------------------------- Captured Log ---------------------------------

--------------------------------- Captured Out ---------------------------------

</system-out><system-err>--------------------------------- Captured Err ---------------------------------

</system-err></testcase><testcase classname="TestScripts.test_imu_widget.TestFlashTicker" name="test_UT_ALERT_004_ticker_stops_after_last_unregister" file="TestScripts\test_imu_widget.py" line="314" time="1.317"><system-out>--------------------------------- Captured Log ---------------------------------

--------------------------------- Captured Out ---------------------------------

</system-out><system-err>--------------------------------- Captured Err ---------------------------------

</system-err></testcase><testcase classname="TestScripts.test_imu_widget.TestSafeState" name="test_UT_ALERT_001_all_axes_independent" file="TestScripts\test_imu_widget.py" line="147" time="0.605"><system-out>--------------------------------- Captured Log ---------------------------------

--------------------------------- Captured Out ---------------------------------

</system-out><system-err>--------------------------------- Captured Err ---------------------------------

</system-err></testcase><testcase classname="TestScripts.test_imu_widget.TestSafeState" name="test_UT_ALERT_001_below_warn_threshold" file="TestScripts\test_imu_widget.py" line="124" time="0.606"><system-out>--------------------------------- Captured Log ---------------------------------

--------------------------------- Captured Out ---------------------------------

</system-out><system-err>--------------------------------- Captured Err ---------------------------------

</system-err></testcase><testcase classname="TestScripts.test_imu_widget.TestSafeState" name="test_UT_ALERT_001_boundary_just_below" file="TestScripts\test_imu_widget.py" line="137" time="0.603"><system-out>--------------------------------- Captured Log ---------------------------------

--------------------------------- Captured Out ---------------------------------

</system-out><system-err>--------------------------------- Captured Err ---------------------------------

</system-err></testcase><testcase classname="TestScripts.test_imu_widget.TestSafeState" name="test_UT_ALERT_001_hold_until_zero_after_safe" file="TestScripts\test_imu_widget.py" line="141" time="0.607"><system-out>--------------------------------- Captured Log ---------------------------------

--------------------------------- Captured Out ---------------------------------

</system-out><system-err>--------------------------------- Captured Err ---------------------------------

</system-err></testcase><testcase classname="TestScripts.test_imu_widget.TestSafeState" name="test_UT_ALERT_001_small_positive_rate" file="TestScripts\test_imu_widget.py" line="133" time="0.604"><system-out>--------------------------------- Captured Log ---------------------------------

--------------------------------- Captured Out ---------------------------------

</system-out><system-err>--------------------------------- Captured Err ---------------------------------

</system-err></testcase><testcase classname="TestScripts.test_imu_widget.TestSafeState" name="test_UT_ALERT_001_zero_rate_is_safe" file="TestScripts\test_imu_widget.py" line="129" time="0.603"><system-out>--------------------------------- Captured Log ---------------------------------

--------------------------------- Captured Out ---------------------------------

</system-out><system-err>--------------------------------- Captured Err ---------------------------------

</system-err></testcase><testcase classname="TestScripts.test_imu_widget.TestWarnState" name="test_UT_ALERT_002_axes_independent" file="TestScripts\test_imu_widget.py" line="202" time="0.604"><system-out>--------------------------------- Captured Log ---------------------------------

--------------------------------- Captured Out ---------------------------------

</system-out><system-err>--------------------------------- Captured Err ---------------------------------

</system-err></testcase><testcase classname="TestScripts.test_imu_widget.TestWarnState" name="test_UT_ALERT_002_entry_at_30dps" file="TestScripts\test_imu_widget.py" line="162" time="0.604"><system-out>--------------------------------- Captured Log ---------------------------------

--------------------------------- Captured Out ---------------------------------

</system-out><system-err>--------------------------------- Captured Err ---------------------------------

</system-err></testcase><testcase classname="TestScripts.test_imu_widget.TestWarnState" name="test_UT_ALERT_002_entry_at_50dps" file="TestScripts\test_imu_widget.py" line="167" time="0.602"><system-out>--------------------------------- Captured Log ---------------------------------

--------------------------------- Captured Out ---------------------------------

</system-out><system-err>--------------------------------- Captured Err ---------------------------------

</system-err></testcase><testcase classname="TestScripts.test_imu_widget.TestWarnState" name="test_UT_ALERT_002_entry_at_99p9dps" file="TestScripts\test_imu_widget.py" line="171" time="0.609"><system-out>--------------------------------- Captured Log ---------------------------------

--------------------------------- Captured Out ---------------------------------

</system-out><system-err>--------------------------------- Captured Err ---------------------------------

</system-err></testcase><testcase classname="TestScripts.test_imu_widget.TestWarnState" name="test_UT_ALERT_002_hold_active_at_0p5s" file="TestScripts\test_imu_widget.py" line="175" time="0.604"><system-out>--------------------------------- Captured Log ---------------------------------

--------------------------------- Captured Out ---------------------------------

</system-out><system-err>--------------------------------- Captured Err ---------------------------------

</system-err></testcase><testcase classname="TestScripts.test_imu_widget.TestWarnState" name="test_UT_ALERT_002_hold_active_at_1p9s" file="TestScripts\test_imu_widget.py" line="181" time="0.605"><system-out>--------------------------------- Captured Log ---------------------------------

--------------------------------- Captured Out ---------------------------------

</system-out><system-err>--------------------------------- Captured Err ---------------------------------

</system-err></testcase><testcase classname="TestScripts.test_imu_widget.TestWarnState" name="test_UT_ALERT_002_hold_expires_at_2p1s" file="TestScripts\test_imu_widget.py" line="187" time="0.606"><system-out>--------------------------------- Captured Log ---------------------------------

--------------------------------- Captured Out ---------------------------------

</system-out><system-err>--------------------------------- Captured Err ---------------------------------

</system-err></testcase><testcase classname="TestScripts.test_imu_widget.TestWarnState" name="test_UT_ALERT_002_hold_timer_value" file="TestScripts\test_imu_widget.py" line="193" time="0.756"><system-out>--------------------------------- Captured Log ---------------------------------

--------------------------------- Captured Out ---------------------------------

[conftest] Disconnected

</system-out><system-err>--------------------------------- Captured Err ---------------------------------

</system-err></testcase></testsuite></testsuites>