<?xml version="1.0" encoding="utf-8"?><testsuites name="pytest tests"><testsuite name="pytest" errors="0" failures="0" skipped="0" tests="3" time="38.017" timestamp="2026-05-21T22:52:56.599483+02:00" hostname="TheSilent"><testcase classname="sat_imu.test_SAT_IMU_004.TestEndToEndLatency" name="test_SAT_IMU_004_latency_report" file="sat_imu\test_SAT_IMU_004.py" line="97" time="14.019"><system-out>--------------------------------- Captured Log ---------------------------------

--------------------------------- Captured Out ---------------------------------

[SAT conftest] Connected on COM4 — waiting 2 s for telemetry to stabilise

  ── SAT-IMU-004 Latency Report ─────────────────────────
  Percentile         ms   Pass?
  ----------------------------------
  P50             14.94  &lt; 30 ✓
  P75             30.99  
  P90             31.73  
  P95             31.84  &lt; 200 ✓
  P99             32.19  
  min              3.14
  max             32.86
  samples          1000
  ──────────────────────────────────────────────────────

</system-out><system-err>--------------------------------- Captured Err ---------------------------------

</system-err></testcase><testcase classname="sat_imu.test_SAT_IMU_004.TestEndToEndLatency" name="test_SAT_IMU_004_p50_under_30ms" file="sat_imu\test_SAT_IMU_004.py" line="86" time="11.874"><system-out>--------------------------------- Captured Log ---------------------------------

--------------------------------- Captured Out ---------------------------------

  samples : 1000
  P50     : 19.85 ms  (need &lt; 30.0)

</system-out><system-err>--------------------------------- Captured Err ---------------------------------

</system-err></testcase><testcase classname="sat_imu.test_SAT_IMU_004.TestEndToEndLatency" name="test_SAT_IMU_004_p95_under_200ms" file="sat_imu\test_SAT_IMU_004.py" line="75" time="12.105"><system-out>--------------------------------- Captured Log ---------------------------------

--------------------------------- Captured Out ---------------------------------

  samples : 1000
  P95     : 31.96 ms  (need &lt; 200.0)

[SAT conftest] Disconnected

</system-out><system-err>--------------------------------- Captured Err ---------------------------------

</system-err></testcase></testsuite></testsuites>