<?xml version="1.0" encoding="utf-8"?><testsuites name="pytest tests"><testsuite name="pytest" errors="0" failures="3" skipped="2" tests="6" time="84.947" timestamp="2026-05-20T22:44:18.363522+02:00" hostname="TheSilent"><testcase classname="sat_imu.test_SAT_IMU_003.TestOperatorAlertSystem" name="test_SAT_IMU_003_crit_alert_triggers" file="sat_imu\test_SAT_IMU_003.py" line="466" time="19.893"><failure message="AssertionError: CRIT state never entered after 5 s.&#10;    Max rate seen     : 225.6 °/s&#10;    CRIT threshold    : 100 °/s&#10;    widget.GYRO_SCALE : 16.4&#10;    Shortfall         : -125.6 °/s (-126% below threshold)&#10;  &#10;    ── Technique reminder ──────────────────────────────────────&#10;    SNAP through 30–45° in &lt; 0.25 s, then stop hard (yaw axis).&#10;    Do NOT sweep slowly through a wide arc.&#10;    A 40° snap in 0.25 s = ~160 °/s average — easily above 100.&#10;    A 90° sweep in 1 s   = ~90 °/s average — not enough.&#10;    ────────────────────────────────────────────────────────────&#10;assert False">self = &lt;test_SAT_IMU_003.TestOperatorAlertSystem object at 0x000001BF0A686650&gt;
drone_link = &lt;DroneBackend.DroneLink object at 0x000001BF08BA3C30&gt;
imu_widget = (&lt;tkinter.Tk object .&gt;, &lt;IMUWidget.IMUWidget object .!imuwidget&gt;)

    def test_SAT_IMU_003_crit_alert_triggers(self, drone_link, imu_widget):
        """CRIT state must be entered when gyro reads ≥ 100 °/s (SRS-IMU-006).
    
        Operator: rotate FC very rapidly (~120 °/s) within the window.
        Target raw count: ≥ 1640 counts on any gyro axis (1640 / 16.4 = 100 °/s).
    
        A live bar overlay shows the current rate and threshold markers so the
        operator can see exactly how hard to snap the FC.
        """
        root, widget = imu_widget
    
        _beep_attention()
        _beep_attention()
        _msgbox(
            "SAT-IMU-003 — CRIT Test",
            f"TARGET: ≥ {self.CRIT_THRESHOLD:.0f} °/s on any axis "
            f"(raw ≥ {int(self.CRIT_THRESHOLD * widget.GYRO_SCALE)} counts).\n\n"
            "── HOW TO ACHIEVE THIS ─────────────────────────────────\n"
            "Use a SHORT, SHARP SNAP — NOT a slow sweep.\n\n"
            "  ✓ CORRECT: Snap the FC through ~30–45° in under 0.25 s,\n"
            "             then stop hard. Yaw (horizontal spin) is easiest.\n"
            "             Think of flicking a wrist to crack a whip.\n\n"
            "  ✗ WRONG:   Sweeping slowly through 90° or 180°.\n"
            "             That peaks at ~80–90 °/s — not enough.\n\n"
            "A LIVE RATE BAR will appear after you click OK.\n"
            "Watch the bar cross the red CRIT line.\n\n"
            f"You have {self.MOTION_WINDOW_S:.0f} s after clicking OK.\n\n"
            "⚠ Props must be OFF. Hold FC securely at the edges.",
            _MB_ICONWARNING,
        )
    
        crit_seen, max_dps = self._live_rate_window(
            drone_link, imu_widget,
            duration_s=self.MOTION_WINDOW_S,
            warn_dps=self.WARN_THRESHOLD,
            crit_dps=self.CRIT_THRESHOLD,
        )
    
        if crit_seen:
            _beep_success()
        else:
            _beep_fail()
    
        print(f"\n  [SAT-003 CRIT] seen={crit_seen}  max={max_dps:.1f} °/s")
    
&gt;       assert crit_seen, (
            f"CRIT state never entered after {self.MOTION_WINDOW_S:.0f} s.\n"
            f"  Max rate seen     : {max_dps:.1f} °/s\n"
            f"  CRIT threshold    : {self.CRIT_THRESHOLD:.0f} °/s\n"
            f"  widget.GYRO_SCALE : {widget.GYRO_SCALE}\n"
            f"  Shortfall         : {self.CRIT_THRESHOLD - max_dps:.1f} °/s "
            f"({(self.CRIT_THRESHOLD - max_dps) / self.CRIT_THRESHOLD * 100:.0f}% below threshold)\n\n"
            "  ── Technique reminder ──────────────────────────────────────\n"
            "  SNAP through 30–45° in &lt; 0.25 s, then stop hard (yaw axis).\n"
            "  Do NOT sweep slowly through a wide arc.\n"
            "  A 40° snap in 0.25 s = ~160 °/s average — easily above 100.\n"
            "  A 90° sweep in 1 s   = ~90 °/s average — not enough.\n"
            "  ────────────────────────────────────────────────────────────"
        )
E       AssertionError: CRIT state never entered after 5 s.
E           Max rate seen     : 225.6 °/s
E           CRIT threshold    : 100 °/s
E           widget.GYRO_SCALE : 16.4
E           Shortfall         : -125.6 °/s (-126% below threshold)
E         
E           ── Technique reminder ──────────────────────────────────────
E           SNAP through 30–45° in &lt; 0.25 s, then stop hard (yaw axis).
E           Do NOT sweep slowly through a wide arc.
E           A 40° snap in 0.25 s = ~160 °/s average — easily above 100.
E           A 90° sweep in 1 s   = ~90 °/s average — not enough.
E           ────────────────────────────────────────────────────────────
E       assert False

sat_imu\test_SAT_IMU_003.py:512: AssertionError</failure><system-out>--------------------------------- Captured Log ---------------------------------

--------------------------------- Captured Out ---------------------------------

[SAT conftest] Connected on COM4 — waiting 2 s for telemetry to stabilise

  [SAT-003 CRIT] seen=False  max=225.6 °/s

</system-out><system-err>--------------------------------- Captured Err ---------------------------------

</system-err></testcase><testcase classname="sat_imu.test_SAT_IMU_003.TestOperatorAlertSystem" name="test_SAT_IMU_003_crit_flash_ticker_active" file="sat_imu\test_SAT_IMU_003.py" line="526" time="8.536"><failure message="Failed: CRIT not reached — cannot verify flash ticker.&#10;  Rotate more forcefully (≥ 100 °/s).">self = &lt;test_SAT_IMU_003.TestOperatorAlertSystem object at 0x000001BF0A6C1220&gt;
drone_link = &lt;DroneBackend.DroneLink object at 0x000001BF08BA3C30&gt;
imu_widget = (&lt;tkinter.Tk object .&gt;, &lt;IMUWidget.IMUWidget object .!imuwidget&gt;)

    def test_SAT_IMU_003_crit_flash_ticker_active(self, drone_link, imu_widget):
        """Flash ticker must be active during CRIT state (SRS-IMU-006a).
    
        Validates that _register_crit() → _start_cell_flash() starts the
        shared 500 ms ticker. The test waits up to 600 ms for root.after()
        to fire. root.update() (not update_idletasks()) is required to
        drain the after() queue when the Tk mainloop is not running.
        """
        root, widget = imu_widget
    
        _beep_attention()
        _beep_attention()
        _msgbox(
            "SAT-IMU-003 — Flash Ticker Test",
            f"Rotate the FC VERY RAPIDLY to trigger CRIT.\n\n"
            f"You have {self.MOTION_WINDOW_S:.0f} seconds after clicking OK.",
            _MB_ICONWARNING,
        )
    
        crit_triggered   = False
        ticker_confirmed = False
        t0 = time.monotonic()
    
        while time.monotonic() - t0 &lt; self.MOTION_WINDOW_S:
            s = drone_link.get_latest_state()
            widget.update_ui(s.to_dict())
            root.update_idletasks()
    
            if self._any_axis_state(widget, "crit"):
                crit_triggered = True
                # Give the after() scheduler up to 600 ms (&gt; one 500 ms period).
                # root.update() processes the after() queue; update_idletasks()
                # does NOT — this is required for the ticker to start.
                deadline = time.monotonic() + 0.6
                while time.monotonic() &lt; deadline:
                    root.update()
                    if widget._cell_flash_job is not None:
                        ticker_confirmed = True
                        break
                    time.sleep(0.05)
                break
    
            time.sleep(self.POLL_INTERVAL_S)
    
        if ticker_confirmed:
            _beep_success()
        elif not crit_triggered:
            _beep_fail()
    
        print(f"\n  [SAT-003 FLASH] crit={crit_triggered}  "
              f"ticker={ticker_confirmed}  job={widget._cell_flash_job}")
    
        if not crit_triggered:
&gt;           pytest.fail(
                f"CRIT not reached — cannot verify flash ticker.\n"
                f"  Rotate more forcefully (≥ {self.CRIT_THRESHOLD:.0f} °/s)."
            )
E           Failed: CRIT not reached — cannot verify flash ticker.
E             Rotate more forcefully (≥ 100 °/s).

sat_imu\test_SAT_IMU_003.py:580: Failed</failure><system-out>--------------------------------- Captured Log ---------------------------------

--------------------------------- Captured Out ---------------------------------

  [SAT-003 FLASH] crit=False  ticker=False  job=None

</system-out><system-err>--------------------------------- Captured Err ---------------------------------

</system-err></testcase><testcase classname="sat_imu.test_SAT_IMU_003.TestOperatorAlertSystem" name="test_SAT_IMU_003_crit_hold_persists" file="sat_imu\test_SAT_IMU_003.py" line="591" time="10.075"><skipped type="pytest.skip" message="Could not trigger CRIT — rotate more forcefully.">C:\Users\TheSilent\Desktop\Project R.A.D\DroneCockpitUI\sat_imu\test_SAT_IMU_003.py:612: Could not trigger CRIT — rotate more forcefully.</skipped><system-out>--------------------------------- Captured Log ---------------------------------

--------------------------------- Captured Out ---------------------------------

</system-out><system-err>--------------------------------- Captured Err ---------------------------------

</system-err><system-out>--------------------------------- Captured Log ---------------------------------

--------------------------------- Captured Out ---------------------------------

</system-out><system-err>--------------------------------- Captured Err ---------------------------------

</system-err></testcase><testcase classname="sat_imu.test_SAT_IMU_003.TestOperatorAlertSystem" name="test_SAT_IMU_003_recovery_to_safe" file="sat_imu\test_SAT_IMU_003.py" line="658" time="13.278"><system-out>--------------------------------- Captured Log ---------------------------------

--------------------------------- Captured Out ---------------------------------

  [SAT-003 RECOVERY] All axes SAFE after 0.0 s

</system-out><system-err>--------------------------------- Captured Err ---------------------------------

</system-err></testcase><testcase classname="sat_imu.test_SAT_IMU_003.TestOperatorAlertSystem" name="test_SAT_IMU_003_warn_alert_triggers" file="sat_imu\test_SAT_IMU_003.py" line="349" time="12.733"><failure message="AssertionError: WARN state never entered after 5 s.&#10;    Max rate seen     : 214.4 °/s&#10;    WARN threshold    : 30 °/s&#10;    widget.GYRO_SCALE : 16.4&#10;    → Rotate more briskly. Target a visible snap of ~45 °/s.&#10;assert False">self = &lt;test_SAT_IMU_003.TestOperatorAlertSystem object at 0x000001BF0A5D2FD0&gt;
drone_link = &lt;DroneBackend.DroneLink object at 0x000001BF08BA3C30&gt;
imu_widget = (&lt;tkinter.Tk object .&gt;, &lt;IMUWidget.IMUWidget object .!imuwidget&gt;)

    def test_SAT_IMU_003_warn_alert_triggers(self, drone_link, imu_widget):
        """WARN state must be entered when gyro reads ≥ 30 °/s (SRS-IMU-005).
    
        Operator: rotate FC briskly (~45 °/s on any axis) within the window.
        Target raw count: ≥ 492 counts on any gyro axis (492 / 16.4 = 30 °/s).
        """
        root, widget = imu_widget
    
        _beep_attention()
        _msgbox(
            "SAT-IMU-003 — WARN Test",
            f"Rotate the FC BRISKLY (~45 °/s) on ANY axis.\n\n"
            f"You have {self.MOTION_WINDOW_S:.0f} seconds after clicking OK.\n\n"
            f"Target: ≥ {self.WARN_THRESHOLD:.0f} °/s on any axis.\n\n"
            f"(Raw gyro target: ≥ {int(self.WARN_THRESHOLD * widget.GYRO_SCALE)} counts)",
            _MB_ICONWARNING,
        )
    
        warn_seen, max_dps = self._poll_loop(
            drone_link, imu_widget,
            duration_s=self.MOTION_WINDOW_S,
            stop_on_state="warn",
        )
    
        if warn_seen:
            _beep_success()
        else:
            _beep_fail()
    
        print(f"\n  [SAT-003 WARN] seen={warn_seen}  max={max_dps:.1f} °/s  "
              f"GYRO_SCALE={widget.GYRO_SCALE}")
    
&gt;       assert warn_seen, (
            f"WARN state never entered after {self.MOTION_WINDOW_S:.0f} s.\n"
            f"  Max rate seen     : {max_dps:.1f} °/s\n"
            f"  WARN threshold    : {self.WARN_THRESHOLD:.0f} °/s\n"
            f"  widget.GYRO_SCALE : {widget.GYRO_SCALE}\n"
            "  → Rotate more briskly. Target a visible snap of ~45 °/s."
        )
E       AssertionError: WARN state never entered after 5 s.
E           Max rate seen     : 214.4 °/s
E           WARN threshold    : 30 °/s
E           widget.GYRO_SCALE : 16.4
E           → Rotate more briskly. Target a visible snap of ~45 °/s.
E       assert False

sat_imu\test_SAT_IMU_003.py:382: AssertionError</failure><system-out>--------------------------------- Captured Log ---------------------------------

--------------------------------- Captured Out ---------------------------------

  [SAT-003 WARN] seen=False  max=214.4 °/s  GYRO_SCALE=16.4

</system-out><system-err>--------------------------------- Captured Err ---------------------------------

</system-err></testcase><testcase classname="sat_imu.test_SAT_IMU_003.TestOperatorAlertSystem" name="test_SAT_IMU_003_warn_hold_persists" file="sat_imu\test_SAT_IMU_003.py" line="389" time="20.271"><skipped type="pytest.skip" message="Could not trigger WARN — rotate faster. (Test skipped so remainder of suite can continue.)">C:\Users\TheSilent\Desktop\Project R.A.D\DroneCockpitUI\sat_imu\test_SAT_IMU_003.py:414: Could not trigger WARN — rotate faster. (Test skipped so remainder of suite can continue.)</skipped><system-out>--------------------------------- Captured Log ---------------------------------

--------------------------------- Captured Out ---------------------------------

</system-out><system-err>--------------------------------- Captured Err ---------------------------------

</system-err><system-out>--------------------------------- Captured Log ---------------------------------

--------------------------------- Captured Out ---------------------------------

[SAT conftest] Disconnected

</system-out><system-err>--------------------------------- Captured Err ---------------------------------

</system-err></testcase></testsuite></testsuites>