<?xml version="1.0" encoding="utf-8"?><testsuites name="pytest tests"><testsuite name="pytest" errors="0" failures="4" skipped="0" tests="4" time="62.550" timestamp="2026-05-20T21:38:27.787191+02:00" hostname="TheSilent"><testcase classname="sat_imu.test_SAT_IMU_003.TestOperatorAlertSystem" name="test_SAT_IMU_003_crit_alert_triggers" file="sat_imu\test_SAT_IMU_003.py" line="297" time="25.179"><failure message="AssertionError: CRIT state never entered after 5 s.&#10;    Max rate seen     : 96.9 °/s&#10;    CRIT threshold    : 100 °/s&#10;    widget.GYRO_SCALE : 16.4&#10;    → Rotate more forcefully. A sharp snap of the wrist is needed.&#10;assert False">self = &lt;test_SAT_IMU_003.TestOperatorAlertSystem object at 0x000001D4E2D768B0&gt;
drone_link = &lt;DroneBackend.DroneLink object at 0x000001D4E2DF5870&gt;
imu_widget = (&lt;tkinter.Tk object .&gt;, &lt;IMUWidget.IMUWidget object .!imuwidget&gt;)

    def test_SAT_IMU_003_crit_alert_triggers(self, drone_link, imu_widget):
        """CRIT state must be entered when gyro reads ≥ 100 °/s (SRS-IMU-006).
    
        Operator: rotate FC very rapidly (~120 °/s) within the window.
        Target raw count: ≥ 1640 counts on any gyro axis (1640 / 16.4 = 100 °/s).
        """
        root, widget = imu_widget
    
        _beep_attention()
        _beep_attention()
        _msgbox(
            "SAT-IMU-003 — CRIT Test",
            f"Rotate the FC VERY RAPIDLY (~120 °/s).\n\n"
            f"You have {self.MOTION_WINDOW_S:.0f} seconds after clicking OK.\n\n"
            f"Target: ≥ {self.CRIT_THRESHOLD:.0f} °/s on any axis.\n\n"
            f"(Raw gyro target: ≥ {int(self.CRIT_THRESHOLD * widget.GYRO_SCALE)} counts)\n\n"
            "⚠ More forceful than the WARN test.",
            _MB_ICONWARNING,
        )
    
        crit_seen, max_dps = self._poll_loop(
            drone_link, imu_widget,
            duration_s=self.MOTION_WINDOW_S,
            stop_on_state="crit",
        )
    
        if crit_seen:
            _beep_success()
        else:
            _beep_fail()
    
        print(f"\n  [SAT-003 CRIT] seen={crit_seen}  max={max_dps:.1f} °/s")
    
&gt;       assert crit_seen, (
            f"CRIT state never entered after {self.MOTION_WINDOW_S:.0f} s.\n"
            f"  Max rate seen     : {max_dps:.1f} °/s\n"
            f"  CRIT threshold    : {self.CRIT_THRESHOLD:.0f} °/s\n"
            f"  widget.GYRO_SCALE : {widget.GYRO_SCALE}\n"
            "  → Rotate more forcefully. A sharp snap of the wrist is needed."
        )
E       AssertionError: CRIT state never entered after 5 s.
E           Max rate seen     : 96.9 °/s
E           CRIT threshold    : 100 °/s
E           widget.GYRO_SCALE : 16.4
E           → Rotate more forcefully. A sharp snap of the wrist is needed.
E       assert False

sat_imu\test_SAT_IMU_003.py:331: AssertionError</failure><system-out>--------------------------------- Captured Log ---------------------------------

--------------------------------- Captured Out ---------------------------------

[SAT conftest] Connected on COM4 — waiting 2 s for telemetry to stabilise

  [SAT-003 CRIT] seen=False  max=96.9 °/s

</system-out><system-err>--------------------------------- Captured Err ---------------------------------

</system-err></testcase><testcase classname="sat_imu.test_SAT_IMU_003.TestOperatorAlertSystem" name="test_SAT_IMU_003_crit_flash_ticker_active" file="sat_imu\test_SAT_IMU_003.py" line="338" time="13.626"><failure message="Failed: CRIT not reached — cannot verify flash ticker.&#10;  Rotate more forcefully (≥ 100 °/s).">self = &lt;test_SAT_IMU_003.TestOperatorAlertSystem object at 0x000001D4E2D76B10&gt;
drone_link = &lt;DroneBackend.DroneLink object at 0x000001D4E2DF5870&gt;
imu_widget = (&lt;tkinter.Tk object .&gt;, &lt;IMUWidget.IMUWidget object .!imuwidget&gt;)

    def test_SAT_IMU_003_crit_flash_ticker_active(self, drone_link, imu_widget):
        """Flash ticker must be active during CRIT state (SRS-IMU-006a).
    
        Validates that _register_crit() → _start_cell_flash() starts the
        shared 500 ms ticker. The test waits up to 600 ms for root.after()
        to fire. root.update() (not update_idletasks()) is required to
        drain the after() queue when the Tk mainloop is not running.
        """
        root, widget = imu_widget
    
        _beep_attention()
        _beep_attention()
        _msgbox(
            "SAT-IMU-003 — Flash Ticker Test",
            f"Rotate the FC VERY RAPIDLY to trigger CRIT.\n\n"
            f"You have {self.MOTION_WINDOW_S:.0f} seconds after clicking OK.",
            _MB_ICONWARNING,
        )
    
        crit_triggered   = False
        ticker_confirmed = False
        t0 = time.monotonic()
    
        while time.monotonic() - t0 &lt; self.MOTION_WINDOW_S:
            s = drone_link.get_latest_state()
            widget.update_ui(s.to_dict())
            root.update_idletasks()
    
            if self._any_axis_state(widget, "crit"):
                crit_triggered = True
                # Give the after() scheduler up to 600 ms (&gt; one 500 ms period).
                # root.update() processes the after() queue; update_idletasks()
                # does NOT — this is required for the ticker to start.
                deadline = time.monotonic() + 0.6
                while time.monotonic() &lt; deadline:
                    root.update()
                    if widget._cell_flash_job is not None:
                        ticker_confirmed = True
                        break
                    time.sleep(0.05)
                break
    
            time.sleep(self.POLL_INTERVAL_S)
    
        if ticker_confirmed:
            _beep_success()
        elif not crit_triggered:
            _beep_fail()
    
        print(f"\n  [SAT-003 FLASH] crit={crit_triggered}  "
              f"ticker={ticker_confirmed}  job={widget._cell_flash_job}")
    
        if not crit_triggered:
&gt;           pytest.fail(
                f"CRIT not reached — cannot verify flash ticker.\n"
                f"  Rotate more forcefully (≥ {self.CRIT_THRESHOLD:.0f} °/s)."
            )
E           Failed: CRIT not reached — cannot verify flash ticker.
E             Rotate more forcefully (≥ 100 °/s).

sat_imu\test_SAT_IMU_003.py:392: Failed</failure><system-out>--------------------------------- Captured Log ---------------------------------

--------------------------------- Captured Out ---------------------------------

  [SAT-003 FLASH] crit=False  ticker=False  job=None

</system-out><system-err>--------------------------------- Captured Err ---------------------------------

</system-err></testcase><testcase classname="sat_imu.test_SAT_IMU_003.TestOperatorAlertSystem" name="test_SAT_IMU_003_warn_alert_triggers" file="sat_imu\test_SAT_IMU_003.py" line="180" time="20.441"><failure message="AssertionError: WARN state never entered after 5 s.&#10;    Max rate seen     : 163.0 °/s&#10;    WARN threshold    : 30 °/s&#10;    widget.GYRO_SCALE : 16.4&#10;    → Rotate more briskly. Target a visible snap of ~45 °/s.&#10;assert False">self = &lt;test_SAT_IMU_003.TestOperatorAlertSystem object at 0x000001D4E2D91950&gt;
drone_link = &lt;DroneBackend.DroneLink object at 0x000001D4E2DF5870&gt;
imu_widget = (&lt;tkinter.Tk object .&gt;, &lt;IMUWidget.IMUWidget object .!imuwidget&gt;)

    def test_SAT_IMU_003_warn_alert_triggers(self, drone_link, imu_widget):
        """WARN state must be entered when gyro reads ≥ 30 °/s (SRS-IMU-005).
    
        Operator: rotate FC briskly (~45 °/s on any axis) within the window.
        Target raw count: ≥ 492 counts on any gyro axis (492 / 16.4 = 30 °/s).
        """
        root, widget = imu_widget
    
        _beep_attention()
        _msgbox(
            "SAT-IMU-003 — WARN Test",
            f"Rotate the FC BRISKLY (~45 °/s) on ANY axis.\n\n"
            f"You have {self.MOTION_WINDOW_S:.0f} seconds after clicking OK.\n\n"
            f"Target: ≥ {self.WARN_THRESHOLD:.0f} °/s on any axis.\n\n"
            f"(Raw gyro target: ≥ {int(self.WARN_THRESHOLD * widget.GYRO_SCALE)} counts)",
            _MB_ICONWARNING,
        )
    
        warn_seen, max_dps = self._poll_loop(
            drone_link, imu_widget,
            duration_s=self.MOTION_WINDOW_S,
            stop_on_state="warn",
        )
    
        if warn_seen:
            _beep_success()
        else:
            _beep_fail()
    
        print(f"\n  [SAT-003 WARN] seen={warn_seen}  max={max_dps:.1f} °/s  "
              f"GYRO_SCALE={widget.GYRO_SCALE}")
    
&gt;       assert warn_seen, (
            f"WARN state never entered after {self.MOTION_WINDOW_S:.0f} s.\n"
            f"  Max rate seen     : {max_dps:.1f} °/s\n"
            f"  WARN threshold    : {self.WARN_THRESHOLD:.0f} °/s\n"
            f"  widget.GYRO_SCALE : {widget.GYRO_SCALE}\n"
            "  → Rotate more briskly. Target a visible snap of ~45 °/s."
        )
E       AssertionError: WARN state never entered after 5 s.
E           Max rate seen     : 163.0 °/s
E           WARN threshold    : 30 °/s
E           widget.GYRO_SCALE : 16.4
E           → Rotate more briskly. Target a visible snap of ~45 °/s.
E       assert False

sat_imu\test_SAT_IMU_003.py:213: AssertionError</failure><system-out>--------------------------------- Captured Log ---------------------------------

--------------------------------- Captured Out ---------------------------------

  [SAT-003 WARN] seen=False  max=163.0 °/s  GYRO_SCALE=16.4

</system-out><system-err>--------------------------------- Captured Err ---------------------------------

</system-err></testcase><testcase classname="sat_imu.test_SAT_IMU_005.TestFaultTolerance" name="test_SAT_IMU_005_B_unhealthy_link_flagged_during_injection" file="sat_imu\test_SAT_IMU_005.py" line="149" time="3.204"><failure message="AssertionError: link_healthy never went False during fault injection. FAIL_THRESHOLD may not be triggering, or set_poll_interval_ms(0) is not generating enough parse failures.&#10;assert False">self = &lt;test_SAT_IMU_005.TestFaultTolerance object at 0x000001D4E2D27530&gt;
drone_link = &lt;DroneBackend.DroneLink object at 0x000001D4E2DF5870&gt;

    def test_SAT_IMU_005_B_unhealthy_link_flagged_during_injection(self, drone_link):
        """link_healthy must flip False during sustained fault injection.
    
        Confirms FAIL_THRESHOLD logic: after 5 consecutive parseIMU()
        failures the worker marks the link unhealthy.
        """
        drone_link.set_poll_interval_ms(0)
    
        unhealthy_seen = False
        deadline = time.monotonic() + INJECT_DURATION_S + 1.0
        try:
            while time.monotonic() &lt; deadline:
                if not drone_link.get_latest_state().link_healthy:
                    unhealthy_seen = True
                    break
                time.sleep(0.05)
        finally:
            drone_link.set_poll_interval_ms(NORMAL_INTERVAL_MS)
    
        print(f"\n  link_healthy went False during injection: {unhealthy_seen}")
&gt;       assert unhealthy_seen, (
            "link_healthy never went False during fault injection. "
            "FAIL_THRESHOLD may not be triggering, or set_poll_interval_ms(0) "
            "is not generating enough parse failures."
        )
E       AssertionError: link_healthy never went False during fault injection. FAIL_THRESHOLD may not be triggering, or set_poll_interval_ms(0) is not generating enough parse failures.
E       assert False

sat_imu\test_SAT_IMU_005.py:170: AssertionError</failure><system-out>--------------------------------- Captured Log ---------------------------------

--------------------------------- Captured Out ---------------------------------

  link_healthy went False during injection: False

[SAT conftest] Disconnected

</system-out><system-err>--------------------------------- Captured Err ---------------------------------

</system-err></testcase></testsuite></testsuites>