<?xml version="1.0" encoding="utf-8"?><testsuites name="pytest tests"><testsuite name="pytest" errors="0" failures="6" skipped="0" tests="6" time="21.427" timestamp="2026-05-21T00:36:12.586669+02:00" hostname="TheSilent"><testcase classname="sat_imu.test_SAT_IMU_002.TestGravityReference" name="test_SAT_IMU_002_accZ_mean_in_range" file="sat_imu\test_SAT_IMU_002.py" line="177" time="2.193"><failure message="AttributeError: 'DroneBackend.IMUSensor' object has no attribute 'getScaledData'. Did you mean: 'get_scaled_data'?">self = &lt;test_SAT_IMU_002.TestGravityReference object at 0x0000014698FE1E50&gt;
drone_link = &lt;DroneBackend.DroneLink object at 0x00000146975323F0&gt;
imu_widget = (&lt;tkinter.Tk object .&gt;, &lt;IMUWidget.IMUWidget object .!imuwidget&gt;)
imu_sensor = &lt;DroneBackend.IMUSensor object at 0x0000014699485BB0&gt;

    def test_SAT_IMU_002_accZ_mean_in_range(self, drone_link, imu_widget, imu_sensor):
        """Mean accZ must be in [0.95, 1.05] g with FC stationary and level.
    
        Validates ACC_SCALE = 1/2048 (SRS-IMU-004a, DEF-002):
          raw_az ≈ 2048 counts → 2048 × (1/2048) = 1.000 g.
        Cross-validated against IT-IMU-002: mean = 1.001 g (475 samples).
        """
&gt;       samples = self._collect_samples(
            drone_link, imu_widget, imu_sensor, _COLLECT_S
        )

sat_imu\test_SAT_IMU_002.py:185: 
_ _ _ _ _ _ _ _ _ _ _ _ _ _ _ _ _ _ _ _ _ _ _ _ _ _ _ _ _ _ _ _ _ _ _ _ _ _ _ _

self = &lt;test_SAT_IMU_002.TestGravityReference object at 0x0000014698FE1E50&gt;
drone_link = &lt;DroneBackend.DroneLink object at 0x00000146975323F0&gt;
imu_widget = (&lt;tkinter.Tk object .&gt;, &lt;IMUWidget.IMUWidget object .!imuwidget&gt;)
imu_sensor = &lt;DroneBackend.IMUSensor object at 0x0000014699485BB0&gt;
duration_s = 10.0

    def _collect_samples(self, drone_link, imu_widget, imu_sensor,
                         duration_s: float) -&gt; dict[str, list]:
        """Collect scaled IMU samples over duration_s seconds.
    
        Returns a dict of lists:
          'acc_z'   : accZ in g    (from imu_sensor.getScaledData())
          'gyro_x'  : gyroX in °/s
          'gyro_y'  : gyroY in °/s
          'gyro_z'  : gyroZ in °/s
          'widget_az': raw_az / ACCEL_SCALE  (what the widget displays)
        """
        root, widget = imu_widget
        results: dict[str, list] = {
            "acc_z": [], "gyro_x": [], "gyro_y": [], "gyro_z": [],
            "widget_az": [],
        }
        t0 = time.monotonic()
    
        while time.monotonic() - t0 &lt; duration_s:
            # Update widget with latest state (also refreshes imu_sensor internally)
            s    = drone_link.get_latest_state()
            data = s.to_dict()
            widget.update_ui(data)
            root.update_idletasks()
    
            # Scaled values via IMUSensor C++ API
&gt;           scaled = imu_sensor.getScaledData()
                     ^^^^^^^^^^^^^^^^^^^^^^^^
E           AttributeError: 'DroneBackend.IMUSensor' object has no attribute 'getScaledData'. Did you mean: 'get_scaled_data'?

sat_imu\test_SAT_IMU_002.py:121: AttributeError</failure><system-out>--------------------------------- Captured Log ---------------------------------

--------------------------------- Captured Out ---------------------------------

[SAT conftest] Connected on COM4 — waiting 2 s for telemetry to stabilise

</system-out><system-err>--------------------------------- Captured Err ---------------------------------

</system-err></testcase><testcase classname="sat_imu.test_SAT_IMU_002.TestGravityReference" name="test_SAT_IMU_002_accZ_std_within_noise_floor" file="sat_imu\test_SAT_IMU_002.py" line="204" time="0.002"><failure message="AttributeError: 'DroneBackend.IMUSensor' object has no attribute 'getScaledData'. Did you mean: 'get_scaled_data'?">self = &lt;test_SAT_IMU_002.TestGravityReference object at 0x0000014698FC6780&gt;
drone_link = &lt;DroneBackend.DroneLink object at 0x00000146975323F0&gt;
imu_widget = (&lt;tkinter.Tk object .&gt;, &lt;IMUWidget.IMUWidget object .!imuwidget&gt;)
imu_sensor = &lt;DroneBackend.IMUSensor object at 0x0000014699485BB0&gt;

    def test_SAT_IMU_002_accZ_std_within_noise_floor(
            self, drone_link, imu_widget, imu_sensor):
        """AccZ standard deviation must be &lt; 0.01 g (stationary FC).
    
        Validates that the sensor is not saturating, oscillating, or producing
        noise beyond the MPU-6500 datasheet noise floor.
        """
&gt;       samples = self._collect_samples(
            drone_link, imu_widget, imu_sensor, _COLLECT_S
        )

sat_imu\test_SAT_IMU_002.py:212: 
_ _ _ _ _ _ _ _ _ _ _ _ _ _ _ _ _ _ _ _ _ _ _ _ _ _ _ _ _ _ _ _ _ _ _ _ _ _ _ _

self = &lt;test_SAT_IMU_002.TestGravityReference object at 0x0000014698FC6780&gt;
drone_link = &lt;DroneBackend.DroneLink object at 0x00000146975323F0&gt;
imu_widget = (&lt;tkinter.Tk object .&gt;, &lt;IMUWidget.IMUWidget object .!imuwidget&gt;)
imu_sensor = &lt;DroneBackend.IMUSensor object at 0x0000014699485BB0&gt;
duration_s = 10.0

    def _collect_samples(self, drone_link, imu_widget, imu_sensor,
                         duration_s: float) -&gt; dict[str, list]:
        """Collect scaled IMU samples over duration_s seconds.
    
        Returns a dict of lists:
          'acc_z'   : accZ in g    (from imu_sensor.getScaledData())
          'gyro_x'  : gyroX in °/s
          'gyro_y'  : gyroY in °/s
          'gyro_z'  : gyroZ in °/s
          'widget_az': raw_az / ACCEL_SCALE  (what the widget displays)
        """
        root, widget = imu_widget
        results: dict[str, list] = {
            "acc_z": [], "gyro_x": [], "gyro_y": [], "gyro_z": [],
            "widget_az": [],
        }
        t0 = time.monotonic()
    
        while time.monotonic() - t0 &lt; duration_s:
            # Update widget with latest state (also refreshes imu_sensor internally)
            s    = drone_link.get_latest_state()
            data = s.to_dict()
            widget.update_ui(data)
            root.update_idletasks()
    
            # Scaled values via IMUSensor C++ API
&gt;           scaled = imu_sensor.getScaledData()
                     ^^^^^^^^^^^^^^^^^^^^^^^^
E           AttributeError: 'DroneBackend.IMUSensor' object has no attribute 'getScaledData'. Did you mean: 'get_scaled_data'?

sat_imu\test_SAT_IMU_002.py:121: AttributeError</failure><system-out>--------------------------------- Captured Log ---------------------------------

--------------------------------- Captured Out ---------------------------------

</system-out><system-err>--------------------------------- Captured Err ---------------------------------

</system-err></testcase><testcase classname="sat_imu.test_SAT_IMU_002.TestGravityReference" name="test_SAT_IMU_002_gyro_at_rest" file="sat_imu\test_SAT_IMU_002.py" line="223" time="0.002"><failure message="AttributeError: 'DroneBackend.IMUSensor' object has no attribute 'getScaledData'. Did you mean: 'get_scaled_data'?">self = &lt;test_SAT_IMU_002.TestGravityReference object at 0x0000014698FC68B0&gt;
drone_link = &lt;DroneBackend.DroneLink object at 0x00000146975323F0&gt;
imu_widget = (&lt;tkinter.Tk object .&gt;, &lt;IMUWidget.IMUWidget object .!imuwidget&gt;)
imu_sensor = &lt;DroneBackend.IMUSensor object at 0x0000014699485BB0&gt;

    def test_SAT_IMU_002_gyro_at_rest(self, drone_link, imu_widget, imu_sensor):
        """Mean |gyroX|, |gyroY|, |gyroZ| must each be ≤ 2 °/s at rest.
    
        Validates GYRO_SCALE = 1/16.4 (SRS-IMU-004b): stationary MPU-6500
        gyroscope bias drift is typically &lt; 1 °/s. The 2 °/s limit is a
        generous acceptance band that covers sensor-to-sensor variation.
        """
&gt;       samples = self._collect_samples(
            drone_link, imu_widget, imu_sensor, _COLLECT_S
        )

sat_imu\test_SAT_IMU_002.py:231: 
_ _ _ _ _ _ _ _ _ _ _ _ _ _ _ _ _ _ _ _ _ _ _ _ _ _ _ _ _ _ _ _ _ _ _ _ _ _ _ _

self = &lt;test_SAT_IMU_002.TestGravityReference object at 0x0000014698FC68B0&gt;
drone_link = &lt;DroneBackend.DroneLink object at 0x00000146975323F0&gt;
imu_widget = (&lt;tkinter.Tk object .&gt;, &lt;IMUWidget.IMUWidget object .!imuwidget&gt;)
imu_sensor = &lt;DroneBackend.IMUSensor object at 0x0000014699485BB0&gt;
duration_s = 10.0

    def _collect_samples(self, drone_link, imu_widget, imu_sensor,
                         duration_s: float) -&gt; dict[str, list]:
        """Collect scaled IMU samples over duration_s seconds.
    
        Returns a dict of lists:
          'acc_z'   : accZ in g    (from imu_sensor.getScaledData())
          'gyro_x'  : gyroX in °/s
          'gyro_y'  : gyroY in °/s
          'gyro_z'  : gyroZ in °/s
          'widget_az': raw_az / ACCEL_SCALE  (what the widget displays)
        """
        root, widget = imu_widget
        results: dict[str, list] = {
            "acc_z": [], "gyro_x": [], "gyro_y": [], "gyro_z": [],
            "widget_az": [],
        }
        t0 = time.monotonic()
    
        while time.monotonic() - t0 &lt; duration_s:
            # Update widget with latest state (also refreshes imu_sensor internally)
            s    = drone_link.get_latest_state()
            data = s.to_dict()
            widget.update_ui(data)
            root.update_idletasks()
    
            # Scaled values via IMUSensor C++ API
&gt;           scaled = imu_sensor.getScaledData()
                     ^^^^^^^^^^^^^^^^^^^^^^^^
E           AttributeError: 'DroneBackend.IMUSensor' object has no attribute 'getScaledData'. Did you mean: 'get_scaled_data'?

sat_imu\test_SAT_IMU_002.py:121: AttributeError</failure><system-out>--------------------------------- Captured Log ---------------------------------

--------------------------------- Captured Out ---------------------------------

</system-out><system-err>--------------------------------- Captured Err ---------------------------------

</system-err></testcase><testcase classname="sat_imu.test_SAT_IMU_002.TestGravityReference" name="test_SAT_IMU_002_widget_az_matches_sensor" file="sat_imu\test_SAT_IMU_002.py" line="253" time="0.002"><failure message="AttributeError: 'DroneBackend.IMUSensor' object has no attribute 'getScaledData'. Did you mean: 'get_scaled_data'?">self = &lt;test_SAT_IMU_002.TestGravityReference object at 0x0000014698F77530&gt;
drone_link = &lt;DroneBackend.DroneLink object at 0x00000146975323F0&gt;
imu_widget = (&lt;tkinter.Tk object .&gt;, &lt;IMUWidget.IMUWidget object .!imuwidget&gt;)
imu_sensor = &lt;DroneBackend.IMUSensor object at 0x0000014699485BB0&gt;

    def test_SAT_IMU_002_widget_az_matches_sensor(
            self, drone_link, imu_widget, imu_sensor):
        """Widget-displayed az must agree with imu_sensor.accZ within ±0.01 g.
    
        Validates SRS-IMU-004c: the widget applies ACCEL_SCALE = 2048 to the
        raw ADC value from to_dict(), which must produce the same physical
        output as IMUSensor.getScaledData().accZ (ACC_SCALE = 1/2048).
        Both paths read from the same DroneState.az field.
        """
&gt;       samples = self._collect_samples(
            drone_link, imu_widget, imu_sensor, _COLLECT_S
        )

sat_imu\test_SAT_IMU_002.py:263: 
_ _ _ _ _ _ _ _ _ _ _ _ _ _ _ _ _ _ _ _ _ _ _ _ _ _ _ _ _ _ _ _ _ _ _ _ _ _ _ _

self = &lt;test_SAT_IMU_002.TestGravityReference object at 0x0000014698F77530&gt;
drone_link = &lt;DroneBackend.DroneLink object at 0x00000146975323F0&gt;
imu_widget = (&lt;tkinter.Tk object .&gt;, &lt;IMUWidget.IMUWidget object .!imuwidget&gt;)
imu_sensor = &lt;DroneBackend.IMUSensor object at 0x0000014699485BB0&gt;
duration_s = 10.0

    def _collect_samples(self, drone_link, imu_widget, imu_sensor,
                         duration_s: float) -&gt; dict[str, list]:
        """Collect scaled IMU samples over duration_s seconds.
    
        Returns a dict of lists:
          'acc_z'   : accZ in g    (from imu_sensor.getScaledData())
          'gyro_x'  : gyroX in °/s
          'gyro_y'  : gyroY in °/s
          'gyro_z'  : gyroZ in °/s
          'widget_az': raw_az / ACCEL_SCALE  (what the widget displays)
        """
        root, widget = imu_widget
        results: dict[str, list] = {
            "acc_z": [], "gyro_x": [], "gyro_y": [], "gyro_z": [],
            "widget_az": [],
        }
        t0 = time.monotonic()
    
        while time.monotonic() - t0 &lt; duration_s:
            # Update widget with latest state (also refreshes imu_sensor internally)
            s    = drone_link.get_latest_state()
            data = s.to_dict()
            widget.update_ui(data)
            root.update_idletasks()
    
            # Scaled values via IMUSensor C++ API
&gt;           scaled = imu_sensor.getScaledData()
                     ^^^^^^^^^^^^^^^^^^^^^^^^
E           AttributeError: 'DroneBackend.IMUSensor' object has no attribute 'getScaledData'. Did you mean: 'get_scaled_data'?

sat_imu\test_SAT_IMU_002.py:121: AttributeError</failure><system-out>--------------------------------- Captured Log ---------------------------------

--------------------------------- Captured Out ---------------------------------

</system-out><system-err>--------------------------------- Captured Err ---------------------------------

</system-err></testcase><testcase classname="sat_imu.test_SAT_IMU_003.TestOperatorAlertSystem" name="test_SAT_IMU_003_crit_flash_ticker_active" file="sat_imu\test_SAT_IMU_003.py" line="1037" time="15.949"><failure message="AssertionError: CRIT entered but _cell_flash_job is None after 700 ms.&#10;    → Check _register_crit() → _start_cell_flash() call chain.&#10;    → Confirm root.update() (not update_idletasks()) is called after CRIT is set.&#10;assert False">self = &lt;test_SAT_IMU_003.TestOperatorAlertSystem object at 0x000001469908AD70&gt;
drone_link = &lt;DroneBackend.DroneLink object at 0x00000146975323F0&gt;
imu_widget = (&lt;tkinter.Tk object .&gt;, &lt;IMUWidget.IMUWidget object .!imuwidget&gt;)

    def test_SAT_IMU_003_crit_flash_ticker_active(self, drone_link, imu_widget):
        """Flash ticker must be active during CRIT state (SRS-IMU-006a).
    
        A live overlay mirrors the CRIT flash state — the overlay itself pulses
        red when the ticker job is confirmed active, giving the operator
        immediate visual confirmation that _register_crit() fired correctly.
        """
        root, widget = imu_widget
    
        _beep_attention()
        _beep_attention()
        _msgbox(
            "SAT-IMU-003 — Flash Ticker Test",
            f"Rotate the FC VERY RAPIDLY to trigger CRIT.\n\n"
            f"You have {self.MOTION_WINDOW_S:.0f} seconds after clicking OK.\n\n"
            "A LIVE OVERLAY will appear showing whether the flash ticker\n"
            "(_cell_flash_job) is active — it will pulse red on capture.",
            _MB_ICONWARNING,
        )
    
        crit_triggered, ticker_confirmed = self._live_flash_window(
            drone_link, imu_widget,
            duration_s=self.MOTION_WINDOW_S,
        )
    
        if ticker_confirmed:
            _beep_success()
        elif not crit_triggered:
            _beep_fail()
    
        print(f"\n  [SAT-003 FLASH] crit={crit_triggered}  "
              f"ticker={ticker_confirmed}  job={widget._cell_flash_job}")
    
        if not crit_triggered:
            pytest.fail(
                f"CRIT not reached — cannot verify flash ticker.\n"
                f"  Rotate more forcefully (≥ {self.CRIT_THRESHOLD:.0f} °/s)."
            )
    
&gt;       assert ticker_confirmed, (
            "CRIT entered but _cell_flash_job is None after 700 ms.\n"
            "  → Check _register_crit() → _start_cell_flash() call chain.\n"
            "  → Confirm root.update() (not update_idletasks()) is called "
            "after CRIT is set."
        )
E       AssertionError: CRIT entered but _cell_flash_job is None after 700 ms.
E           → Check _register_crit() → _start_cell_flash() call chain.
E           → Confirm root.update() (not update_idletasks()) is called after CRIT is set.
E       assert False

sat_imu\test_SAT_IMU_003.py:1077: AssertionError</failure><system-out>--------------------------------- Captured Log ---------------------------------

--------------------------------- Captured Out ---------------------------------

  [SAT-003 FLASH] crit=True  ticker=False  job=None

</system-out><system-err>--------------------------------- Captured Err ---------------------------------

</system-err></testcase><testcase classname="sat_imu.test_SAT_IMU_005.TestFaultTolerance" name="test_SAT_IMU_005_B_unhealthy_link_flagged_during_injection" file="sat_imu\test_SAT_IMU_005.py" line="149" time="3.123"><failure message="AssertionError: link_healthy never went False during fault injection. FAIL_THRESHOLD may not be triggering, or set_poll_interval_ms(0) is not generating enough parse failures.&#10;assert False">self = &lt;test_SAT_IMU_005.TestFaultTolerance object at 0x00000146990DD130&gt;
drone_link = &lt;DroneBackend.DroneLink object at 0x00000146975323F0&gt;

    def test_SAT_IMU_005_B_unhealthy_link_flagged_during_injection(self, drone_link):
        """link_healthy must flip False during sustained fault injection.
    
        Confirms FAIL_THRESHOLD logic: after 5 consecutive parseIMU()
        failures the worker marks the link unhealthy.
        """
        drone_link.set_poll_interval_ms(0)
    
        unhealthy_seen = False
        deadline = time.monotonic() + INJECT_DURATION_S + 1.0
        try:
            while time.monotonic() &lt; deadline:
                if not drone_link.get_latest_state().link_healthy:
                    unhealthy_seen = True
                    break
                time.sleep(0.05)
        finally:
            drone_link.set_poll_interval_ms(NORMAL_INTERVAL_MS)
    
        print(f"\n  link_healthy went False during injection: {unhealthy_seen}")
&gt;       assert unhealthy_seen, (
            "link_healthy never went False during fault injection. "
            "FAIL_THRESHOLD may not be triggering, or set_poll_interval_ms(0) "
            "is not generating enough parse failures."
        )
E       AssertionError: link_healthy never went False during fault injection. FAIL_THRESHOLD may not be triggering, or set_poll_interval_ms(0) is not generating enough parse failures.
E       assert False

sat_imu\test_SAT_IMU_005.py:170: AssertionError</failure><system-out>--------------------------------- Captured Log ---------------------------------

--------------------------------- Captured Out ---------------------------------

  link_healthy went False during injection: False

[SAT conftest] Disconnected

</system-out><system-err>--------------------------------- Captured Err ---------------------------------

</system-err></testcase></testsuite></testsuites>