<?xml version="1.0" encoding="utf-8"?><testsuites name="pytest tests"><testsuite name="pytest" errors="0" failures="0" skipped="1" tests="10" time="57.592" timestamp="2026-05-20T22:38:42.952132+02:00" hostname="TheSilent"><testcase classname="sat_imu.test_SAT_IMU_004.TestEndToEndLatency" name="test_SAT_IMU_004_latency_report" file="sat_imu\test_SAT_IMU_004.py" line="97" time="14.062"><system-out>--------------------------------- Captured Log ---------------------------------

--------------------------------- Captured Out ---------------------------------

[SAT conftest] Connected on COM4 — waiting 2 s for telemetry to stabilise

  ── SAT-IMU-004 Latency Report ─────────────────────────
  Percentile         ms   Pass?
  ----------------------------------
  P50             23.71  &lt; 30 ✓
  P75             30.78  
  P90             31.73  
  P95             31.98  &lt; 200 ✓
  P99             32.32  
  min              6.28
  max             60.28
  samples          1000
  ──────────────────────────────────────────────────────

</system-out><system-err>--------------------------------- Captured Err ---------------------------------

</system-err></testcase><testcase classname="sat_imu.test_SAT_IMU_004.TestEndToEndLatency" name="test_SAT_IMU_004_p50_under_30ms" file="sat_imu\test_SAT_IMU_004.py" line="86" time="12.293"><system-out>--------------------------------- Captured Log ---------------------------------

--------------------------------- Captured Out ---------------------------------

  samples : 1000
  P50     : 14.52 ms  (need &lt; 30.0)

</system-out><system-err>--------------------------------- Captured Err ---------------------------------

</system-err></testcase><testcase classname="sat_imu.test_SAT_IMU_004.TestEndToEndLatency" name="test_SAT_IMU_004_p95_under_200ms" file="sat_imu\test_SAT_IMU_004.py" line="75" time="12.804"><system-out>--------------------------------- Captured Log ---------------------------------

--------------------------------- Captured Out ---------------------------------

  samples : 1000
  P95     : 31.78 ms  (need &lt; 200.0)

</system-out><system-err>--------------------------------- Captured Err ---------------------------------

</system-err></testcase><testcase classname="sat_imu.test_SAT_IMU_005.TestFaultTolerance" name="test_SAT_IMU_005_A_link_healthy_recovers" file="sat_imu\test_SAT_IMU_005.py" line="74" time="2.002"><system-out>--------------------------------- Captured Log ---------------------------------

--------------------------------- Captured Out ---------------------------------

  link_healthy recovered within 2.0 s: True

</system-out><system-err>--------------------------------- Captured Err ---------------------------------

</system-err></testcase><testcase classname="sat_imu.test_SAT_IMU_005.TestFaultTolerance" name="test_SAT_IMU_005_A_no_crash_during_fault_injection" file="sat_imu\test_SAT_IMU_005.py" line="57" time="2.002"><system-out>--------------------------------- Captured Log ---------------------------------

--------------------------------- Captured Out ---------------------------------

</system-out><system-err>--------------------------------- Captured Err ---------------------------------

</system-err></testcase><testcase classname="sat_imu.test_SAT_IMU_005.TestFaultTolerance" name="test_SAT_IMU_005_A_packet_count_resumes" file="sat_imu\test_SAT_IMU_005.py" line="99" time="7.002"><system-out>--------------------------------- Captured Log ---------------------------------

--------------------------------- Captured Out ---------------------------------

  packet_count delta after recovery: 10  (need &gt;= 7 over 3.0 s)

</system-out><system-err>--------------------------------- Captured Err ---------------------------------

</system-err></testcase><testcase classname="sat_imu.test_SAT_IMU_005.TestFaultTolerance" name="test_SAT_IMU_005_B_link_healthy_in_to_dict" file="sat_imu\test_SAT_IMU_005.py" line="128" time="0.004"><system-out>--------------------------------- Captured Log ---------------------------------

--------------------------------- Captured Out ---------------------------------

  'link_healthy' in to_dict(): True  value=True

</system-out><system-err>--------------------------------- Captured Err ---------------------------------

</system-err></testcase><testcase classname="sat_imu.test_SAT_IMU_005.TestFaultTolerance" name="test_SAT_IMU_005_B_widget_receives_link_status" file="sat_imu\test_SAT_IMU_005.py" line="175" time="3.036"><skipped type="pytest.skip" message="Could not capture link_healthy=False snapshot">C:\Users\TheSilent\Desktop\Project R.A.D\DroneCockpitUI\sat_imu\test_SAT_IMU_005.py:198: Could not capture link_healthy=False snapshot</skipped><system-out>--------------------------------- Captured Log ---------------------------------

--------------------------------- Captured Out ---------------------------------

</system-out><system-err>--------------------------------- Captured Err ---------------------------------

</system-err><system-out>--------------------------------- Captured Log ---------------------------------

--------------------------------- Captured Out ---------------------------------

</system-out><system-err>--------------------------------- Captured Err ---------------------------------

</system-err></testcase><testcase classname="sat_imu.test_SAT_IMU_005.TestFaultTolerance" name="test_SAT_IMU_005_C_full_recovery_after_all_scenarios" file="sat_imu\test_SAT_IMU_005.py" line="242" time="2.005"><system-out>--------------------------------- Captured Log ---------------------------------

--------------------------------- Captured Out ---------------------------------

  Final state:
     link_healthy = True
     packet_count = 181
     ax=3  ay=-3  az=2055

</system-out><system-err>--------------------------------- Captured Err ---------------------------------

</system-err></testcase><testcase classname="sat_imu.test_SAT_IMU_005.TestFaultTolerance" name="test_SAT_IMU_005_C_imu_fields_in_range_during_fault" file="sat_imu\test_SAT_IMU_005.py" line="210" time="2.343"><system-out>--------------------------------- Captured Log ---------------------------------

--------------------------------- Captured Out ---------------------------------

  Out-of-range violations: 0

[SAT conftest] Disconnected

</system-out><system-err>--------------------------------- Captured Err ---------------------------------

</system-err></testcase></testsuite></testsuites>